2015-11-23 07:31:23,970 INFO     Scale_down              [-]  Getting initial user confiurations.
2015-11-23 07:31:23,970 INFO     Scale_down              [-]  Getting initial user confiurations Successfull.
2015-11-23 07:31:23,970 INFO     Scale_down              [-]  Getting client credentials
2015-11-23 07:31:23,971 INFO     Scale_down              [-]  opening file to detect the environment
2015-11-23 07:31:23,974 INFO     Scale_down              [-]  Environment returned CentOS
2015-11-23 07:31:23,974 INFO     Scale_down              [-]  Creating authorized instance of keystone client
2015-11-23 07:31:23,980 INFO     urllib3.connectionpool  [-]  Starting new HTTP connection (1): 10.204.111.43
2015-11-23 07:31:24,134 INFO     Scale_down              [-]  Authorized keystone instance ....
2015-11-23 07:31:24,134 INFO     Scale_down              [-]  Environment is CentOS ...
2015-11-23 07:31:24,134 INFO     nova                    [-]  Creating authorized instance of nova client instance ...
2015-11-23 07:31:24,134 INFO     nova                    [-]  Authorized nova instance ....
2015-11-23 07:31:24,134 INFO     nova                    [-]  Environment is CentOS ...
2015-11-23 07:31:24,135 INFO     neutron                 [-]  Creating authorized instance of neutron client instance ...
2015-11-23 07:31:24,135 INFO     neutron                 [-]  Authorized neutron instance ....
2015-11-23 07:31:24,135 INFO     neutron                 [-]  Environment is CentOS ...
2015-11-23 07:31:24,135 INFO     glance                  [-]  Creating authorized instance of glance client instance ...
2015-11-23 07:31:24,162 INFO     glance                  [-]  Authorized glance instance ....
2015-11-23 07:31:24,162 INFO     glance                  [-]  Environment is CentOS ...
2015-11-23 07:31:24,167 INFO     Scale                   [-]  Getting initial user confiurations.
2015-11-23 07:31:24,167 INFO     Scale                   [-]  Getting initial user confiurations Successfull.
2015-11-23 07:31:24,167 INFO     Scale                   [-]  Getting client credentials
2015-11-23 07:31:24,167 INFO     Scale                   [-]  opening file to detect the environment
2015-11-23 07:31:24,171 INFO     Scale                   [-]  Environment returned CentOS
2015-11-23 07:31:24,172 INFO     Scale                   [-]  Creating authorized instance of keystone client
2015-11-23 07:31:24,174 INFO     urllib3.connectionpool  [-]  Starting new HTTP connection (1): 10.204.111.43
2015-11-23 07:31:24,585 INFO     Scale                   [-]  Authorized keystone instance ....
2015-11-23 07:31:24,585 INFO     Scale                   [-]  Environment is CentOS ...
2015-11-23 07:31:24,585 INFO     nova                    [-]  Creating authorized instance of nova client instance ...
2015-11-23 07:31:24,585 INFO     nova                    [-]  Authorized nova instance ....
2015-11-23 07:31:24,586 INFO     nova                    [-]  Environment is CentOS ...
2015-11-23 07:31:24,586 INFO     neutron                 [-]  Creating authorized instance of neutron client instance ...
2015-11-23 07:31:24,586 INFO     neutron                 [-]  Authorized neutron instance ....
2015-11-23 07:31:24,586 INFO     neutron                 [-]  Environment is CentOS ...
2015-11-23 07:31:24,586 INFO     glance                  [-]  Creating authorized instance of glance client instance ...
2015-11-23 07:31:24,586 INFO     glance                  [-]  Authorized glance instance ....
2015-11-23 07:31:24,587 INFO     glance                  [-]  Environment is CentOS ...
2015-11-23 07:31:24,591 INFO     __main__                [-]  Getting initial user confiurations.
2015-11-23 07:31:24,591 INFO     __main__                [-]  Getting initial user confiurations Successfull.
2015-11-23 07:31:24,591 INFO     __main__                [-]  Getting client credentials
2015-11-23 07:31:24,592 INFO     __main__                [-]  opening file to detect the environment
2015-11-23 07:31:24,595 INFO     __main__                [-]  Environment returned CentOS
2015-11-23 07:31:24,596 INFO     __main__                [-]  Creating authorized instance of keystone client
2015-11-23 07:31:24,597 INFO     urllib3.connectionpool  [-]  Starting new HTTP connection (1): 10.204.111.43
2015-11-23 07:31:24,753 INFO     __main__                [-]  Authorized keystone instance ....
2015-11-23 07:31:24,753 INFO     __main__                [-]  Environment is CentOS ...
2015-11-23 07:31:24,753 INFO     nova                    [-]  Creating authorized instance of nova client instance ...
2015-11-23 07:31:24,753 INFO     nova                    [-]  Authorized nova instance ....
2015-11-23 07:31:24,754 INFO     nova                    [-]  Environment is CentOS ...
2015-11-23 07:31:24,754 INFO     neutron                 [-]  Creating authorized instance of neutron client instance ...
2015-11-23 07:31:24,754 INFO     neutron                 [-]  Authorized neutron instance ....
2015-11-23 07:31:24,754 INFO     neutron                 [-]  Environment is CentOS ...
2015-11-23 07:31:24,754 INFO     glance                  [-]  Creating authorized instance of glance client instance ...
2015-11-23 07:31:24,754 INFO     glance                  [-]  Authorized glance instance ....
2015-11-23 07:31:24,755 INFO     glance                  [-]  Environment is CentOS ...
2015-11-23 07:31:24,756 INFO     urllib3.connectionpool  [-]  Starting new HTTP connection (1): 10.204.110.40
2015-11-23 07:31:24,866 INFO     urllib3.connectionpool  [-]  Starting new HTTP connection (1): 10.204.110.40
2015-11-23 07:31:29,867 INFO     urllib3.connectionpool  [-]  Starting new HTTP connection (1): 10.204.110.40
2015-11-23 07:31:29,932 INFO     urllib3.connectionpool  [-]  Starting new HTTP connection (1): 10.204.110.40
2015-11-23 07:31:32,843 INFO     urllib3.connectionpool  [-]  Starting new HTTP connection (1): 10.204.110.40
2015-11-23 07:31:32,895 INFO     urllib3.connectionpool  [-]  Starting new HTTP connection (1): 10.204.110.40
2015-11-23 07:31:34,833 INFO     paramiko.transport      [-]  Connected (version 2.0, client OpenSSH_6.6.1p1)
2015-11-23 07:31:34,943 INFO     paramiko.transport      [-]  Authentication (password) successful!
2015-11-23 07:31:35,111 INFO     paramiko.transport      [-]  Secsh channel 1 opened.
2015-11-23 07:31:35,128 INFO     paramiko.transport      [-]  Secsh channel 2 opened.
2015-11-23 07:31:35,136 INFO     paramiko.transport      [-]  Secsh channel 3 opened.
2015-11-23 07:31:35,191 INFO     paramiko.transport      [-]  Connected (version 2.0, client OpenSSH_6.6.1p1)
2015-11-23 07:31:35,297 INFO     paramiko.transport      [-]  Authentication (password) successful!
2015-11-23 07:31:35,805 INFO     paramiko.transport      [-]  Secsh channel 1 opened.
2015-11-23 07:31:35,814 INFO     paramiko.transport      [-]  Secsh channel 2 opened.
2015-11-23 07:31:35,831 INFO     paramiko.transport      [-]  Secsh channel 3 opened.
2015-11-23 07:31:35,889 INFO     paramiko.transport      [-]  Connected (version 2.0, client OpenSSH_6.6.1p1)
2015-11-23 07:31:35,998 INFO     paramiko.transport      [-]  Authentication (password) successful!
2015-11-23 07:31:36,182 INFO     paramiko.transport      [-]  Secsh channel 1 opened.
2015-11-23 07:31:36,220 INFO     paramiko.transport      [-]  Secsh channel 2 opened.
