2015-10-16 23:59:51,959 INFO     __main__                [-]  Getting initial user confiurations.
2015-10-16 23:59:51,959 INFO     __main__                [-]  Getting initial user confiurations Successfull.
2015-10-16 23:59:51,959 INFO     __main__                [-]  Getting client credentials
2015-10-16 23:59:51,959 INFO     __main__                [-]  Credentials Loaded
2015-10-16 23:59:51,960 INFO     __main__                [-]  Getting Keystone credentials
2015-10-16 23:59:51,960 INFO     nova                    [-]  Getting of nova credentials
2015-10-16 23:59:51,960 INFO     nova                    [-]  Getting authorized instance of nova client
2015-10-16 23:59:51,960 INFO     neutron                 [-]  Getting authorized instance of neutron client
2015-10-16 23:59:51,960 INFO     neutron                 [-]  Getting authorized instance of nova client
2015-10-16 23:59:51,961 INFO     __main__                [-]  Creating Keypair
2015-10-16 23:59:51,966 INFO     urllib3.connectionpool  [-]  Starting new HTTP connection (1): 10.204.111.43
2015-10-16 23:59:52,220 INFO     urllib3.connectionpool  [-]  Starting new HTTP connection (1): 10.204.110.40
2015-10-16 23:59:53,086 INFO     __main__                [-]  Finished Creating Keypairs
2015-10-16 23:59:53,086 INFO     __main__                [-]  Successfully added availaibility zones
2015-10-16 23:59:53,086 INFO     __main__                [-]  getting keystone client credentials
2015-10-16 23:59:53,087 INFO     urllib3.connectionpool  [-]  Starting new HTTP connection (1): 10.204.111.43
2015-10-16 23:59:53,242 INFO     glance                  [-]  Creating Glance endpoint
2015-10-16 23:59:53,242 INFO     glance                  [-]  Creating Glance client
2015-10-16 23:59:53,271 INFO     glance                  [-]  Creating Glance image
2015-10-16 23:59:53,271 INFO     urllib3.connectionpool  [-]  Starting new HTTP connection (1): 10.204.110.40
2015-10-16 23:59:53,494 INFO     glance                  [-]  Uploading Glance Image
2015-10-17 00:00:40,657 INFO     glance                  [-]  Successfully added image
2015-10-17 00:00:40,658 INFO     urllib3.connectionpool  [-]  Starting new HTTP connection (1): 10.204.111.43
2015-10-17 00:00:40,805 INFO     urllib3.connectionpool  [-]  Starting new HTTP connection (1): 10.204.110.40
2015-10-17 00:00:40,910 INFO     __main__                [-]  Successfully created a DNS security key
2015-10-17 00:00:40,910 INFO     __main__                [-]  Getting keystone credentials to create heat client
2015-10-17 00:00:40,910 INFO     __main__                [-]  creating keystone client
2015-10-17 00:00:40,911 INFO     urllib3.connectionpool  [-]  Starting new HTTP connection (1): 10.204.111.43
2015-10-17 00:00:41,076 INFO     __main__                [-]  creating heat endpoint
2015-10-17 00:00:41,076 INFO     __main__                [-]  creating heat client
2015-10-17 00:00:41,078 INFO     __main__                [-]  creating heatstack Cluster
2015-10-17 00:00:41,080 INFO     urllib3.connectionpool  [-]  Starting new HTTP connection (1): 10.204.110.40
2015-10-17 00:00:44,108 INFO     __main__                [-]  Creating Heat Stack
2015-10-17 00:00:44,108 INFO     __main__                [-]  Deployong Heat Stack
2015-10-17 00:00:44,109 INFO     urllib3.connectionpool  [-]  Starting new HTTP connection (1): 10.204.110.40
2015-10-17 00:00:44,270 INFO     urllib3.connectionpool  [-]  Starting new HTTP connection (1): 10.204.110.40
2015-10-17 00:01:14,336 INFO     urllib3.connectionpool  [-]  Starting new HTTP connection (1): 10.204.110.40
2015-10-17 00:01:14,424 INFO     urllib3.connectionpool  [-]  Starting new HTTP connection (1): 10.204.110.40
2015-10-17 00:01:44,498 INFO     urllib3.connectionpool  [-]  Starting new HTTP connection (1): 10.204.110.40
2015-10-17 00:01:44,588 INFO     urllib3.connectionpool  [-]  Starting new HTTP connection (1): 10.204.110.40
2015-10-17 00:02:14,653 INFO     urllib3.connectionpool  [-]  Starting new HTTP connection (1): 10.204.110.40
2015-10-17 00:02:14,740 INFO     urllib3.connectionpool  [-]  Starting new HTTP connection (1): 10.204.110.40
2015-10-17 00:02:44,812 INFO     urllib3.connectionpool  [-]  Starting new HTTP connection (1): 10.204.110.40
2015-10-17 00:02:44,892 INFO     urllib3.connectionpool  [-]  Starting new HTTP connection (1): 10.204.110.40
2015-10-17 00:03:14,970 INFO     urllib3.connectionpool  [-]  Starting new HTTP connection (1): 10.204.110.40
2015-10-17 00:03:15,050 INFO     urllib3.connectionpool  [-]  Starting new HTTP connection (1): 10.204.110.40
2015-10-17 00:03:45,120 INFO     urllib3.connectionpool  [-]  Starting new HTTP connection (1): 10.204.110.40
2015-10-17 00:03:45,204 INFO     urllib3.connectionpool  [-]  Starting new HTTP connection (1): 10.204.110.40
2015-10-17 00:04:15,279 INFO     urllib3.connectionpool  [-]  Starting new HTTP connection (1): 10.204.110.40
2015-10-17 00:04:15,362 INFO     urllib3.connectionpool  [-]  Starting new HTTP connection (1): 10.204.110.40
2015-10-17 00:04:45,434 INFO     urllib3.connectionpool  [-]  Starting new HTTP connection (1): 10.204.110.40
2015-10-17 00:04:45,514 INFO     urllib3.connectionpool  [-]  Starting new HTTP connection (1): 10.204.110.40
2015-10-17 00:05:15,588 INFO     urllib3.connectionpool  [-]  Starting new HTTP connection (1): 10.204.110.40
2015-10-17 00:05:15,767 INFO     urllib3.connectionpool  [-]  Starting new HTTP connection (1): 10.204.110.40
2015-10-17 00:05:45,856 INFO     urllib3.connectionpool  [-]  Starting new HTTP connection (1): 10.204.110.40
2015-10-17 00:05:45,983 INFO     urllib3.connectionpool  [-]  Starting new HTTP connection (1): 10.204.110.40
2015-10-17 00:06:16,167 INFO     urllib3.connectionpool  [-]  Starting new HTTP connection (1): 10.204.110.40
2015-10-17 00:06:16,244 INFO     urllib3.connectionpool  [-]  Starting new HTTP connection (1): 10.204.110.40
2015-10-17 00:06:46,383 INFO     urllib3.connectionpool  [-]  Starting new HTTP connection (1): 10.204.110.40
2015-10-17 00:06:46,468 INFO     urllib3.connectionpool  [-]  Starting new HTTP connection (1): 10.204.110.40
2015-10-17 00:07:16,514 INFO     urllib3.connectionpool  [-]  Starting new HTTP connection (1): 10.204.110.40
2015-10-17 00:07:16,614 INFO     urllib3.connectionpool  [-]  Starting new HTTP connection (1): 10.204.110.40
2015-10-17 00:07:46,685 INFO     urllib3.connectionpool  [-]  Starting new HTTP connection (1): 10.204.110.40
2015-10-17 00:07:46,771 INFO     urllib3.connectionpool  [-]  Starting new HTTP connection (1): 10.204.110.40
2015-10-17 00:08:16,842 INFO     urllib3.connectionpool  [-]  Starting new HTTP connection (1): 10.204.110.40
2015-10-17 00:08:16,924 INFO     urllib3.connectionpool  [-]  Starting new HTTP connection (1): 10.204.110.40
2015-10-17 00:08:46,988 INFO     urllib3.connectionpool  [-]  Starting new HTTP connection (1): 10.204.110.40
2015-10-17 00:08:47,067 INFO     urllib3.connectionpool  [-]  Starting new HTTP connection (1): 10.204.110.40
2015-10-17 00:09:17,135 INFO     urllib3.connectionpool  [-]  Starting new HTTP connection (1): 10.204.110.40
2015-10-17 00:09:17,217 INFO     urllib3.connectionpool  [-]  Starting new HTTP connection (1): 10.204.110.40
2015-10-17 00:09:47,290 INFO     urllib3.connectionpool  [-]  Starting new HTTP connection (1): 10.204.110.40
2015-10-17 00:09:47,377 INFO     urllib3.connectionpool  [-]  Starting new HTTP connection (1): 10.204.110.40
2015-10-17 00:09:47,929 INFO     __main__                [-]  Getting DNS ip to configure DNS Server
2015-10-17 00:09:47,930 INFO     urllib3.connectionpool  [-]  Starting new HTTP connection (1): 10.204.110.40
2015-10-17 00:09:48,010 INFO     urllib3.connectionpool  [-]  Starting new HTTP connection (1): 10.204.110.40
2015-10-17 00:13:48,596 INFO     paramiko                [-]  Connecting To DNS Node
2015-10-17 00:13:48,610 INFO     paramiko.transport      [-]  Connected (version 2.0, client OpenSSH_6.6.1p1)
2015-10-17 00:13:48,833 INFO     paramiko.transport      [-]  Authentication (password) successful!
2015-10-17 00:13:48,852 INFO     paramiko                [-]  Updating Ubuntu by apt-get update
2015-10-17 00:13:49,281 INFO     paramiko.transport      [-]  Secsh channel 1 opened.
2015-10-17 00:14:04,014 INFO     paramiko                [-]  Installing Bind DNS Server
2015-10-17 00:14:04,015 INFO     paramiko.transport      [-]  Secsh channel 2 opened.
2015-10-17 00:14:25,359 INFO     paramiko                [-]  Updating BIND configuration with the specified zone and key
2015-10-17 00:14:25,360 INFO     paramiko.transport      [-]  Secsh channel 3 opened.
2015-10-17 00:14:25,437 INFO     paramiko.transport      [-]  Secsh channel 4 opened.
2015-10-17 00:14:25,478 INFO     paramiko.transport      [-]  Secsh channel 5 opened.
2015-10-17 00:14:25,489 INFO     paramiko.transport      [-]  Secsh channel 6 opened.
2015-10-17 00:14:25,534 INFO     __main__                [-]  Creating basic zone configuration
2015-10-17 00:14:25,535 INFO     paramiko.transport      [-]  Secsh channel 7 opened.
2015-10-17 00:14:25,613 INFO     paramiko.transport      [-]  Secsh channel 8 opened.
2015-10-17 00:14:25,653 INFO     __main__                [-]  Finished creating configurations
2015-10-17 00:14:25,653 INFO     __main__                [-]  Reloading Bind service
2015-10-17 00:14:25,654 INFO     paramiko.transport      [-]  Secsh channel 9 opened.
2015-10-17 00:14:25,703 INFO     __main__                [-]  Configure Bono Node
2015-10-17 00:14:25,703 INFO     __main__                [-]  Get Bono IP
2015-10-17 00:14:25,704 INFO     urllib3.connectionpool  [-]  Starting new HTTP connection (1): 10.204.110.40
2015-10-17 00:14:25,831 INFO     urllib3.connectionpool  [-]  Starting new HTTP connection (1): 10.204.110.40
2015-10-17 00:14:26,815 INFO     paramiko                [-]  Connecting To Bono Node
2015-10-17 00:14:26,829 INFO     paramiko.transport      [-]  Connected (version 2.0, client OpenSSH_6.6.1p1)
2015-10-17 00:14:27,034 INFO     paramiko.transport      [-]  Authentication (password) successful!
2015-10-17 00:14:27,040 INFO     __main__                [-]  Connected To Bono Node
2015-10-17 00:14:27,478 INFO     paramiko.transport      [-]  Secsh channel 1 opened.
2015-10-17 00:14:27,506 INFO     __main__                [-]  Configuring APT software source
2015-10-17 00:14:27,507 INFO     paramiko.transport      [-]  Secsh channel 2 opened.
2015-10-17 00:14:27,517 INFO     paramiko.transport      [-]  Secsh channel 3 opened.
2015-10-17 00:14:27,560 INFO     paramiko.transport      [-]  Secsh channel 4 opened.
2015-10-17 00:14:27,563 INFO     __main__                [-]  Configuring clearwater local settings
2015-10-17 00:14:27,602 INFO     paramiko.transport      [-]  Secsh channel 5 opened.
2015-10-17 00:14:27,633 INFO     paramiko.transport      [-]  Secsh channel 6 opened.
2015-10-17 00:14:27,671 INFO     paramiko.transport      [-]  Secsh channel 7 opened.
2015-10-17 00:14:27,680 INFO     paramiko.transport      [-]  Secsh channel 8 opened.
2015-10-17 00:14:27,719 INFO     paramiko.transport      [-]  Secsh channel 9 opened.
2015-10-17 00:14:27,724 INFO     paramiko.transport      [-]  Secsh channel 10 opened.
2015-10-17 00:14:27,726 INFO     __main__                [-]  Configuring clearwater shared settings
2015-10-17 00:14:27,731 INFO     paramiko.transport      [-]  Secsh channel 11 opened.
2015-10-17 00:14:27,772 INFO     __main__                [-]  Installing Bono packages.
2015-10-17 00:14:27,811 INFO     paramiko.transport      [-]  Secsh channel 12 opened.
2015-10-17 00:14:31,882 INFO     paramiko.transport      [-]  Secsh channel 13 opened.
2015-10-17 00:14:36,927 INFO     paramiko.transport      [-]  Secsh channel 14 opened.
2015-10-17 00:15:23,328 INFO     paramiko.transport      [-]  Secsh channel 15 opened.
2015-10-17 00:15:28,372 INFO     __main__                [-]  Installing Bono packages.
2015-10-17 00:15:28,373 INFO     paramiko.transport      [-]  Secsh channel 16 opened.
2015-10-17 00:15:40,353 INFO     paramiko.transport      [-]  Secsh channel 17 opened.
2015-10-17 00:15:45,396 INFO     __main__                [-]  Installing SNMP.
2015-10-17 00:15:45,397 INFO     paramiko.transport      [-]  Secsh channel 18 opened.
2015-10-17 00:17:33,453 INFO     paramiko.transport      [-]  Secsh channel 19 opened.
2015-10-17 00:17:38,497 INFO     __main__                [-]  Installing SNMPD.
2015-10-17 00:17:38,499 INFO     paramiko.transport      [-]  Secsh channel 20 opened.
2015-10-17 00:17:41,803 INFO     paramiko.transport      [-]  Secsh channel 21 opened.
2015-10-17 00:17:46,842 INFO     __main__                [-]  Finished Installation in BONO
2015-10-17 00:17:46,842 INFO     __main__                [-]  Uploading shared configuration
2015-10-17 00:17:46,844 INFO     paramiko.transport      [-]  Secsh channel 22 opened.
2015-10-17 00:17:52,905 INFO     __main__                [-]  Applying shared configuration
2015-10-17 00:17:52,945 INFO     paramiko.transport      [-]  Secsh channel 23 opened.
2015-10-17 00:17:53,314 INFO     __main__                [-]  Updating DNS server
2015-10-17 00:17:53,316 INFO     paramiko.transport      [-]  Secsh channel 24 opened.
2015-10-17 00:17:53,355 INFO     paramiko.transport      [-]  Secsh channel 25 opened.
2015-10-17 00:17:53,361 INFO     paramiko.transport      [-]  Secsh channel 26 opened.
2015-10-17 00:17:53,565 INFO     __main__                [-]  Configuring SNMP
2015-10-17 00:17:53,605 INFO     paramiko.transport      [-]  Secsh channel 27 opened.
2015-10-17 00:17:53,642 INFO     paramiko.transport.sftp [-]  [chan 27] Opened sftp connection (server version 3)
2015-10-17 00:17:53,665 INFO     paramiko.transport      [-]  Secsh channel 28 opened.
2015-10-17 00:18:25,752 INFO     paramiko.transport      [-]  Secsh channel 29 opened.
2015-10-17 00:18:25,755 INFO     paramiko.transport      [-]  Secsh channel 30 opened.
2015-10-17 00:18:25,763 INFO     paramiko.transport      [-]  Secsh channel 31 opened.
2015-10-17 00:18:25,773 INFO     paramiko.transport      [-]  Secsh channel 32 opened.
2015-10-17 00:18:27,895 INFO     __main__                [-]  configuring sprout
2015-10-17 00:18:27,895 INFO     __main__                [-]  Get Sprout IP
2015-10-17 00:18:27,896 INFO     urllib3.connectionpool  [-]  Starting new HTTP connection (1): 10.204.110.40
2015-10-17 00:18:27,977 INFO     urllib3.connectionpool  [-]  Starting new HTTP connection (1): 10.204.110.40
2015-10-17 00:18:28,741 INFO     paramiko                [-]  Connecting To Sprout Node
2015-10-17 00:18:28,755 INFO     paramiko.transport      [-]  Connected (version 2.0, client OpenSSH_6.6.1p1)
2015-10-17 00:18:28,943 INFO     paramiko.transport      [-]  Authentication (password) successful!
2015-10-17 00:18:28,948 INFO     __main__                [-]  Connected to Sprout
2015-10-17 00:18:29,378 INFO     paramiko.transport      [-]  Secsh channel 1 opened.
2015-10-17 00:18:29,383 INFO     paramiko.transport      [-]  Secsh channel 2 opened.
2015-10-17 00:18:29,394 INFO     paramiko.transport      [-]  Secsh channel 3 opened.
2015-10-17 00:18:29,411 INFO     __main__                [-]  Configuring APT software source
2015-10-17 00:18:29,412 INFO     paramiko.transport      [-]  Secsh channel 4 opened.
2015-10-17 00:18:29,415 INFO     paramiko.transport      [-]  Secsh channel 5 opened.
2015-10-17 00:18:29,420 INFO     paramiko.transport      [-]  Secsh channel 6 opened.
2015-10-17 00:18:29,422 INFO     __main__                [-]  Configuring clearwater local settings
2015-10-17 00:18:29,459 INFO     paramiko.transport      [-]  Secsh channel 7 opened.
2015-10-17 00:18:29,499 INFO     paramiko.transport      [-]  Secsh channel 8 opened.
2015-10-17 00:18:29,544 INFO     paramiko.transport      [-]  Secsh channel 9 opened.
2015-10-17 00:18:29,552 INFO     paramiko.transport      [-]  Secsh channel 10 opened.
2015-10-17 00:18:29,592 INFO     __main__                [-]  Configuring clearwater shared settings
2015-10-17 00:18:29,631 INFO     paramiko.transport      [-]  Secsh channel 11 opened.
2015-10-17 00:18:29,672 INFO     __main__                [-]  Create /etc/chronos/chronos.conf.
2015-10-17 00:18:29,711 INFO     paramiko.transport      [-]  Secsh channel 12 opened.
2015-10-17 00:18:29,753 INFO     paramiko.transport      [-]  Secsh channel 13 opened.
2015-10-17 00:18:29,758 INFO     __main__                [-]  Installing Sprout packages.
2015-10-17 00:18:29,795 INFO     paramiko.transport      [-]  Secsh channel 14 opened.
2015-10-17 00:19:29,887 INFO     paramiko.transport      [-]  Secsh channel 15 opened.
2015-10-17 00:20:59,991 INFO     __main__                [-]  Installing Sprout packages.
2015-10-17 00:20:59,992 INFO     paramiko.transport      [-]  Secsh channel 16 opened.
2015-10-17 00:21:30,039 INFO     paramiko.transport      [-]  Secsh channel 17 opened.
2015-10-17 00:22:00,069 INFO     paramiko.transport      [-]  Secsh channel 18 opened.
2015-10-17 00:22:30,115 INFO     __main__                [-]  Installing SNMP in Sprout
2015-10-17 00:22:30,116 INFO     paramiko.transport      [-]  Secsh channel 19 opened.
2015-10-17 00:23:52,026 INFO     paramiko.transport      [-]  Secsh channel 20 opened.
2015-10-17 00:23:57,066 INFO     __main__                [-]  Installing SNMPD in Sprout
2015-10-17 00:23:57,067 INFO     paramiko.transport      [-]  Secsh channel 21 opened.
2015-10-17 00:23:57,862 INFO     paramiko.transport      [-]  Secsh channel 22 opened.
2015-10-17 00:24:02,906 INFO     __main__                [-]  Finished Installation
2015-10-17 00:24:02,906 INFO     __main__                [-]  Installed Sprout packages
2015-10-17 00:24:02,906 INFO     __main__                [-]  Uploading shared configuration
2015-10-17 00:24:02,907 INFO     paramiko.transport      [-]  Secsh channel 23 opened.
2015-10-17 00:24:02,925 INFO     __main__                [-]  Applying shared configuration
2015-10-17 00:24:02,926 INFO     paramiko.transport      [-]  Secsh channel 24 opened.
2015-10-17 00:24:03,291 INFO     paramiko                [-]  Updating DNS server
2015-10-17 00:24:03,292 INFO     paramiko.transport      [-]  Secsh channel 25 opened.
2015-10-17 00:24:03,336 INFO     paramiko.transport      [-]  Secsh channel 26 opened.
2015-10-17 00:24:03,374 INFO     paramiko.transport      [-]  Secsh channel 27 opened.
2015-10-17 00:24:03,380 INFO     __main__                [-]  Configuring SNMP in Sprout
2015-10-17 00:24:03,381 INFO     paramiko.transport      [-]  Secsh channel 28 opened.
2015-10-17 00:24:03,446 INFO     paramiko.transport.sftp [-]  [chan 28] Opened sftp connection (server version 3)
2015-10-17 00:24:03,463 INFO     paramiko.transport      [-]  Secsh channel 29 opened.
2015-10-17 00:24:35,543 INFO     paramiko.transport      [-]  Secsh channel 30 opened.
2015-10-17 00:24:35,547 INFO     paramiko.transport      [-]  Secsh channel 31 opened.
2015-10-17 00:24:35,556 INFO     paramiko.transport      [-]  Secsh channel 32 opened.
2015-10-17 00:24:35,565 INFO     paramiko.transport      [-]  Secsh channel 33 opened.
2015-10-17 00:24:37,687 INFO     __main__                [-]  Configure Homer Node
2015-10-17 00:24:37,687 INFO     __main__                [-]  Get Homer IP
2015-10-17 00:24:37,688 INFO     urllib3.connectionpool  [-]  Starting new HTTP connection (1): 10.204.110.40
2015-10-17 00:24:37,857 INFO     urllib3.connectionpool  [-]  Starting new HTTP connection (1): 10.204.110.40
2015-10-17 00:24:38,762 INFO     paramiko                [-]  Connecting To Homer Node
2015-10-17 00:24:38,773 INFO     paramiko.transport      [-]  Connected (version 2.0, client OpenSSH_6.6.1p1)
2015-10-17 00:24:38,970 INFO     paramiko.transport      [-]  Authentication (password) successful!
2015-10-17 00:24:38,971 INFO     __main__                [-]  Connected To Homer Node
2015-10-17 00:24:39,138 INFO     paramiko.transport      [-]  Secsh channel 1 opened.
2015-10-17 00:24:39,173 INFO     paramiko.transport      [-]  Secsh channel 2 opened.
2015-10-17 00:24:39,177 INFO     paramiko.transport      [-]  Secsh channel 3 opened.
2015-10-17 00:24:39,181 INFO     __main__                [-]  Configuring APT software source
2015-10-17 00:24:39,221 INFO     paramiko.transport      [-]  Secsh channel 4 opened.
2015-10-17 00:24:39,247 INFO     paramiko.transport      [-]  Secsh channel 5 opened.
2015-10-17 00:24:39,250 INFO     paramiko.transport      [-]  Secsh channel 6 opened.
2015-10-17 00:24:39,289 INFO     __main__                [-]  Configuring clearwater local settings
2015-10-17 00:24:39,329 INFO     paramiko.transport      [-]  Secsh channel 7 opened.
2015-10-17 00:24:39,356 INFO     paramiko.transport      [-]  Secsh channel 8 opened.
2015-10-17 00:24:39,394 INFO     paramiko.transport      [-]  Secsh channel 9 opened.
2015-10-17 00:24:39,434 INFO     paramiko.transport      [-]  Secsh channel 10 opened.
2015-10-17 00:24:39,438 INFO     __main__                [-]  Configuring clearwater shared settings
2015-10-17 00:24:39,477 INFO     paramiko.transport      [-]  Secsh channel 11 opened.
2015-10-17 00:24:39,518 INFO     __main__                [-]  Installing Homer packages.
2015-10-17 00:24:39,557 INFO     paramiko.transport      [-]  Secsh channel 12 opened.
2015-10-17 00:24:41,442 INFO     paramiko.transport      [-]  Secsh channel 13 opened.
2015-10-17 00:24:41,481 INFO     __main__                [-]  Retrying Installation.
2015-10-17 00:24:46,487 INFO     paramiko.transport      [-]  Secsh channel 14 opened.
2015-10-17 00:25:16,526 INFO     paramiko.transport      [-]  Secsh channel 15 opened.
2015-10-17 00:26:16,587 INFO     __main__                [-]  Installing Homer packages.
2015-10-17 00:26:16,589 INFO     paramiko.transport      [-]  Secsh channel 16 opened.
2015-10-17 00:26:27,407 INFO     paramiko.transport      [-]  Secsh channel 17 opened.
2015-10-17 00:26:57,458 INFO     __main__                [-]  Installing SNMP in Homer
2015-10-17 00:26:57,459 INFO     paramiko.transport      [-]  Secsh channel 18 opened.
2015-10-17 00:28:14,722 INFO     paramiko.transport      [-]  Secsh channel 19 opened.
2015-10-17 00:28:19,766 INFO     __main__                [-]  Installing SNMPD in Homer
2015-10-17 00:28:19,767 INFO     paramiko.transport      [-]  Secsh channel 20 opened.
2015-10-17 00:28:21,357 INFO     paramiko.transport      [-]  Secsh channel 21 opened.
2015-10-17 00:28:26,403 INFO     __main__                [-]  Finished Installation in Homer
2015-10-17 00:28:26,403 INFO     __main__                [-]  Uploading shared configuration
2015-10-17 00:28:26,404 INFO     paramiko.transport      [-]  Secsh channel 22 opened.
2015-10-17 00:28:26,413 INFO     __main__                [-]  Applying shared configuration
2015-10-17 00:28:26,453 INFO     paramiko.transport      [-]  Secsh channel 23 opened.
2015-10-17 00:28:26,616 INFO     __main__                [-]  Updating DNS server for homer
2015-10-17 00:28:26,617 INFO     paramiko.transport      [-]  Secsh channel 24 opened.
2015-10-17 00:28:26,697 INFO     paramiko.transport      [-]  Secsh channel 25 opened.
2015-10-17 00:28:26,738 INFO     paramiko.transport      [-]  Secsh channel 26 opened.
2015-10-17 00:28:26,840 INFO     paramiko.transport      [-]  Secsh channel 27 opened.
2015-10-17 00:28:26,878 INFO     paramiko.transport      [-]  Secsh channel 28 opened.
2015-10-17 00:28:26,881 INFO     paramiko.transport      [-]  Secsh channel 29 opened.
2015-10-17 00:28:28,991 INFO     __main__                [-]  Configure Homestead Node
2015-10-17 00:28:28,991 INFO     __main__                [-]  Get Homestead IP
2015-10-17 00:28:28,992 INFO     urllib3.connectionpool  [-]  Starting new HTTP connection (1): 10.204.110.40
2015-10-17 00:28:29,073 INFO     urllib3.connectionpool  [-]  Starting new HTTP connection (1): 10.204.110.40
2015-10-17 00:28:30,103 INFO     paramiko                [-]  Connecting To Homestead Node
2015-10-17 00:28:30,118 INFO     paramiko.transport      [-]  Connected (version 2.0, client OpenSSH_6.6.1p1)
2015-10-17 00:28:30,311 INFO     paramiko.transport      [-]  Authentication (password) successful!
2015-10-17 00:28:30,326 INFO     __main__                [-]  Connected To Homestead Node
2015-10-17 00:28:30,734 INFO     paramiko.transport      [-]  Secsh channel 1 opened.
2015-10-17 00:28:30,746 INFO     paramiko.transport      [-]  Secsh channel 2 opened.
2015-10-17 00:28:30,755 INFO     paramiko.transport      [-]  Secsh channel 3 opened.
2015-10-17 00:28:30,765 INFO     __main__                [-]  Configuring APT software source
2015-10-17 00:28:30,766 INFO     paramiko.transport      [-]  Secsh channel 4 opened.
2015-10-17 00:28:30,781 INFO     paramiko.transport      [-]  Secsh channel 5 opened.
2015-10-17 00:28:30,826 INFO     paramiko.transport      [-]  Secsh channel 6 opened.
2015-10-17 00:28:30,849 INFO     __main__                [-]  Configuring clearwater local settings
2015-10-17 00:28:30,886 INFO     paramiko.transport      [-]  Secsh channel 7 opened.
2015-10-17 00:28:30,930 INFO     paramiko.transport      [-]  Secsh channel 8 opened.
2015-10-17 00:28:30,973 INFO     paramiko.transport      [-]  Secsh channel 9 opened.
2015-10-17 00:28:30,982 INFO     paramiko.transport      [-]  Secsh channel 10 opened.
2015-10-17 00:28:31,024 INFO     __main__                [-]  Configuring clearwater shared settings
2015-10-17 00:28:31,063 INFO     paramiko.transport      [-]  Secsh channel 11 opened.
2015-10-17 00:28:31,104 INFO     __main__                [-]  Installing Homestead packages.
2015-10-17 00:28:31,143 INFO     paramiko.transport      [-]  Secsh channel 12 opened.
2015-10-17 00:29:04,774 INFO     paramiko.transport      [-]  Secsh channel 13 opened.
2015-10-17 00:29:04,811 INFO     __main__                [-]  Retrying Installation.
2015-10-17 00:29:09,817 INFO     paramiko.transport      [-]  Secsh channel 14 opened.
2015-10-17 00:30:11,121 INFO     paramiko.transport      [-]  Secsh channel 15 opened.
2015-10-17 00:30:11,159 INFO     __main__                [-]  Retrying Installation.
2015-10-17 00:30:16,165 INFO     paramiko.transport      [-]  Secsh channel 16 opened.
2015-10-17 00:30:37,145 INFO     paramiko.transport      [-]  Secsh channel 17 opened.
2015-10-17 00:30:37,183 INFO     __main__                [-]  Retrying Installation.
2015-10-17 00:30:42,189 INFO     paramiko.transport      [-]  Secsh channel 18 opened.
2015-10-17 00:30:43,034 INFO     paramiko.transport      [-]  Secsh channel 19 opened.
2015-10-17 00:30:43,560 INFO     paramiko.transport      [-]  Secsh channel 20 opened.
2015-10-17 00:30:51,579 INFO     paramiko.transport      [-]  Secsh channel 21 opened.
2015-10-17 00:30:56,624 INFO     __main__                [-]  Installing SNMP in Homestead
2015-10-17 00:30:56,626 INFO     paramiko.transport      [-]  Secsh channel 22 opened.
2015-10-17 00:32:25,892 INFO     paramiko.transport      [-]  Secsh channel 23 opened.
2015-10-17 00:32:30,937 INFO     __main__                [-]  Installing SNMPD in Homestead
2015-10-17 00:32:30,938 INFO     paramiko.transport      [-]  Secsh channel 24 opened.
2015-10-17 00:32:31,671 INFO     paramiko.transport      [-]  Secsh channel 25 opened.
2015-10-17 00:32:36,714 INFO     __main__                [-]  Finished Installation in Homestead
2015-10-17 00:32:36,714 INFO     __main__                [-]  Configure MIB's in Homer
2015-10-17 00:32:36,715 INFO     paramiko.transport      [-]  Secsh channel 26 opened.
2015-10-17 00:32:36,738 INFO     paramiko.transport.sftp [-]  [chan 26] Opened sftp connection (server version 3)
2015-10-17 00:32:36,760 INFO     paramiko.transport      [-]  Secsh channel 27 opened.
2015-10-17 00:33:08,863 INFO     paramiko.transport      [-]  Secsh channel 28 opened.
2015-10-17 00:33:08,864 INFO     __main__                [-]  Uploading shared configuration
2015-10-17 00:33:08,865 INFO     paramiko.transport      [-]  Secsh channel 29 opened.
2015-10-17 00:33:08,932 INFO     __main__                [-]  Applying shared configuration
2015-10-17 00:33:08,933 INFO     paramiko.transport      [-]  Secsh channel 30 opened.
2015-10-17 00:33:09,315 INFO     __main__                [-]  Updating DNS server for homestead
2015-10-17 00:33:09,316 INFO     paramiko.transport      [-]  Secsh channel 31 opened.
2015-10-17 00:33:09,393 INFO     paramiko.transport      [-]  Secsh channel 32 opened.
2015-10-17 00:33:09,439 INFO     paramiko.transport      [-]  Secsh channel 33 opened.
2015-10-17 00:33:09,632 INFO     paramiko.transport      [-]  Secsh channel 34 opened.
2015-10-17 00:33:14,676 INFO     paramiko.transport      [-]  Secsh channel 35 opened.
2015-10-17 00:33:14,678 INFO     paramiko.transport      [-]  Secsh channel 36 opened.
2015-10-17 00:33:14,683 INFO     paramiko.transport      [-]  Secsh channel 37 opened.
2015-10-17 00:33:16,830 INFO     __main__                [-]  Configure Ellis Node
2015-10-17 00:33:16,831 INFO     __main__                [-]  Get Ellis IP
2015-10-17 00:33:16,832 INFO     urllib3.connectionpool  [-]  Starting new HTTP connection (1): 10.204.110.40
2015-10-17 00:33:16,984 INFO     urllib3.connectionpool  [-]  Starting new HTTP connection (1): 10.204.110.40
2015-10-17 00:33:18,375 INFO     paramiko                [-]  Connecting To Ellis Node
2015-10-17 00:33:18,386 INFO     paramiko.transport      [-]  Connected (version 2.0, client OpenSSH_6.6.1p1)
2015-10-17 00:33:18,572 INFO     paramiko.transport      [-]  Authentication (password) successful!
2015-10-17 00:33:18,579 INFO     __main__                [-]  Connected To Ellis Node
2015-10-17 00:33:18,744 INFO     paramiko.transport      [-]  Secsh channel 1 opened.
2015-10-17 00:33:18,782 INFO     paramiko.transport      [-]  Secsh channel 2 opened.
2015-10-17 00:33:18,783 INFO     __main__                [-]  Configuring APT software source
2015-10-17 00:33:18,785 INFO     paramiko.transport      [-]  Secsh channel 3 opened.
2015-10-17 00:33:18,790 INFO     paramiko.transport      [-]  Secsh channel 4 opened.
2015-10-17 00:33:19,427 INFO     paramiko.transport      [-]  Secsh channel 5 opened.
2015-10-17 00:33:59,659 INFO     paramiko.transport      [-]  Secsh channel 6 opened.
2015-10-17 00:33:59,702 INFO     __main__                [-]  Configuring clearwater local settings
2015-10-17 00:33:59,703 INFO     paramiko.transport      [-]  Secsh channel 7 opened.
2015-10-17 00:33:59,744 INFO     paramiko.transport      [-]  Secsh channel 8 opened.
2015-10-17 00:33:59,747 INFO     paramiko.transport      [-]  Secsh channel 9 opened.
2015-10-17 00:33:59,750 INFO     paramiko.transport      [-]  Secsh channel 10 opened.
2015-10-17 00:33:59,753 INFO     __main__                [-]  Installing Ellis software packages.
2015-10-17 00:33:59,791 INFO     paramiko.transport      [-]  Secsh channel 11 opened.
2015-10-17 00:34:59,869 INFO     paramiko.transport      [-]  Secsh channel 12 opened.
2015-10-17 00:34:59,872 INFO     __main__                [-]  Installed Ellis software packages.
2015-10-17 00:35:29,909 INFO     __main__                [-]  Installing SNMP in Ellis
2015-10-17 00:35:29,911 INFO     paramiko.transport      [-]  Secsh channel 13 opened.
2015-10-17 00:36:53,153 INFO     paramiko.transport      [-]  Secsh channel 14 opened.
2015-10-17 00:36:58,194 INFO     __main__                [-]  Installing SNMPD in Ellis
2015-10-17 00:36:58,195 INFO     paramiko.transport      [-]  Secsh channel 15 opened.
2015-10-17 00:36:59,649 INFO     paramiko.transport      [-]  Secsh channel 16 opened.
2015-10-17 00:37:04,688 INFO     __main__                [-]  Configuring clearwater shared settings
2015-10-17 00:37:04,689 INFO     paramiko.transport      [-]  Secsh channel 17 opened.
2015-10-17 00:37:04,691 INFO     __main__                [-]  Uploading shared configuration
2015-10-17 00:37:04,731 INFO     paramiko.transport      [-]  Secsh channel 18 opened.
2015-10-17 00:37:04,823 INFO     __main__                [-]  Applying shared configuration
2015-10-17 00:37:04,824 INFO     paramiko.transport      [-]  Secsh channel 19 opened.
2015-10-17 00:37:04,989 INFO     __main__                [-]  Allocating a pool of numbers to assign users
2015-10-17 00:37:04,990 INFO     paramiko.transport      [-]  Secsh channel 20 opened.
2015-10-17 00:37:05,028 INFO     __main__                [-]  Updating DNS server for ellis
2015-10-17 00:37:05,028 INFO     paramiko.transport      [-]  Secsh channel 21 opened.
2015-10-17 00:37:05,067 INFO     paramiko.transport      [-]  Secsh channel 22 opened.
2015-10-17 00:37:05,108 INFO     paramiko.transport      [-]  Secsh channel 23 opened.
2015-10-17 00:37:05,204 INFO     paramiko.transport      [-]  Secsh channel 24 opened.
2015-10-17 00:37:05,245 INFO     paramiko.transport      [-]  Secsh channel 25 opened.
2015-10-17 00:37:05,285 INFO     paramiko.transport      [-]  Secsh channel 26 opened.
2015-10-17 00:37:07,392 INFO     __main__                [-]  Configure Ralf Node
2015-10-17 00:37:07,392 INFO     __main__                [-]  Get Ralf IP
2015-10-17 00:37:07,393 INFO     urllib3.connectionpool  [-]  Starting new HTTP connection (1): 10.204.110.40
2015-10-17 00:37:07,480 INFO     urllib3.connectionpool  [-]  Starting new HTTP connection (1): 10.204.110.40
2015-10-17 00:37:08,249 INFO     paramiko                [-]  Connecting To Ralf Node
2015-10-17 00:37:08,258 INFO     paramiko.transport      [-]  Connected (version 2.0, client OpenSSH_6.6.1p1)
2015-10-17 00:37:08,449 INFO     paramiko.transport      [-]  Authentication (password) successful!
2015-10-17 00:37:08,454 INFO     paramiko                [-]  Connected To Ralf Node
2015-10-17 00:37:08,609 INFO     paramiko.transport      [-]  Secsh channel 1 opened.
2015-10-17 00:37:08,619 INFO     __main__                [-]  Configuring APT software source
2015-10-17 00:37:08,620 INFO     paramiko.transport      [-]  Secsh channel 2 opened.
2015-10-17 00:37:08,625 INFO     paramiko.transport      [-]  Secsh channel 3 opened.
2015-10-17 00:37:09,115 INFO     paramiko.transport      [-]  Secsh channel 4 opened.
2015-10-17 00:37:26,655 INFO     paramiko.transport      [-]  Secsh channel 5 opened.
2015-10-17 00:37:26,683 INFO     __main__                [-]  Configuring clearwater local settings
2015-10-17 00:37:26,723 INFO     paramiko.transport      [-]  Secsh channel 6 opened.
2015-10-17 00:37:26,749 INFO     paramiko.transport      [-]  Secsh channel 7 opened.
2015-10-17 00:37:26,752 INFO     paramiko.transport      [-]  Secsh channel 8 opened.
2015-10-17 00:37:26,757 INFO     paramiko.transport      [-]  Secsh channel 9 opened.
2015-10-17 00:37:26,796 INFO     __main__                [-]  Installing Ralf software packages.
2015-10-17 00:37:26,835 INFO     paramiko.transport      [-]  Secsh channel 10 opened.
2015-10-17 00:37:56,913 INFO     paramiko.transport      [-]  Secsh channel 11 opened.
2015-10-17 00:37:56,914 INFO     __main__                [-]  Installed Ralf software packages.
2015-10-17 00:38:26,952 INFO     paramiko.transport      [-]  Secsh channel 12 opened.
2015-10-17 00:38:56,991 INFO     paramiko.transport      [-]  Secsh channel 13 opened.
2015-10-17 00:39:27,029 INFO     __main__                [-]  Installing SNMP in Ralf
2015-10-17 00:39:27,030 INFO     paramiko.transport      [-]  Secsh channel 14 opened.
2015-10-17 00:40:32,069 INFO     paramiko.transport      [-]  Secsh channel 15 opened.
2015-10-17 00:40:37,112 INFO     __main__                [-]  Installing SNMPD in Ralf
2015-10-17 00:40:37,113 INFO     paramiko.transport      [-]  Secsh channel 16 opened.
2015-10-17 00:40:37,483 INFO     paramiko.transport      [-]  Secsh channel 17 opened.
2015-10-17 00:40:42,528 INFO     __main__                [-]  Finished Installation in Ralf
2015-10-17 00:40:42,529 INFO     __main__                [-]  Finished Installation in Ralf
2015-10-17 00:40:42,529 INFO     __main__                [-]  Updating DNS server for Ralf
2015-10-17 00:40:42,530 INFO     paramiko.transport      [-]  Secsh channel 18 opened.
2015-10-17 00:40:42,571 INFO     paramiko.transport      [-]  Secsh channel 19 opened.
2015-10-17 00:40:42,614 INFO     paramiko.transport      [-]  Secsh channel 20 opened.
2015-10-17 00:40:42,759 INFO     paramiko.transport      [-]  Secsh channel 21 opened.
2015-10-17 00:40:42,800 INFO     paramiko.transport      [-]  Secsh channel 22 opened.
2015-10-17 00:40:42,803 INFO     paramiko.transport      [-]  Secsh channel 23 opened.
2015-10-17 00:40:44,862 INFO     urllib3.connectionpool  [-]  Starting new HTTP connection (1): 10.204.111.43
2015-10-17 00:40:45,030 INFO     urllib3.connectionpool  [-]  Starting new HTTP connection (1): 10.204.110.40
2015-10-17 00:40:45,161 INFO     urllib3.connectionpool  [-]  Starting new HTTP connection (1): 10.204.110.40
