2015-11-25 07:35:27,641 INFO     Scale_down              [-]  Getting initial user confiurations.
2015-11-25 07:35:27,641 INFO     Scale_down              [-]  Getting initial user confiurations Successfull.
2015-11-25 07:35:27,641 INFO     Scale_down              [-]  Getting client credentials
2015-11-25 07:35:27,641 INFO     Scale_down              [-]  opening file to detect the environment
2015-11-25 07:35:27,644 INFO     Scale_down              [-]  Environment returned CentOS
2015-11-25 07:35:27,645 INFO     Scale_down              [-]  Creating authorized instance of keystone client
2015-11-25 07:35:27,651 INFO     urllib3.connectionpool  [-]  Starting new HTTP connection (1): 10.204.111.43
2015-11-25 07:35:28,965 INFO     Scale_down              [-]  Authorized keystone instance ....
2015-11-25 07:35:28,966 INFO     Scale_down              [-]  Environment is CentOS ...
2015-11-25 07:35:28,966 INFO     nova                    [-]  Creating authorized instance of nova client instance ...
2015-11-25 07:35:28,966 INFO     nova                    [-]  Authorized nova instance ....
2015-11-25 07:35:28,966 INFO     nova                    [-]  Environment is CentOS ...
2015-11-25 07:35:28,966 INFO     neutron                 [-]  Creating authorized instance of neutron client instance ...
2015-11-25 07:35:28,967 INFO     neutron                 [-]  Authorized neutron instance ....
2015-11-25 07:35:28,967 INFO     neutron                 [-]  Environment is CentOS ...
2015-11-25 07:35:28,967 INFO     glance                  [-]  Creating authorized instance of glance client instance ...
2015-11-25 07:35:28,995 INFO     glance                  [-]  Authorized glance instance ....
2015-11-25 07:35:28,995 INFO     glance                  [-]  Environment is CentOS ...
2015-11-25 07:35:29,000 INFO     Scale                   [-]  Getting initial user confiurations.
2015-11-25 07:35:29,001 INFO     Scale                   [-]  Getting initial user confiurations Successfull.
2015-11-25 07:35:29,001 INFO     Scale                   [-]  Getting client credentials
2015-11-25 07:35:29,001 INFO     Scale                   [-]  opening file to detect the environment
2015-11-25 07:35:29,004 INFO     Scale                   [-]  Environment returned CentOS
2015-11-25 07:35:29,004 INFO     Scale                   [-]  Creating authorized instance of keystone client
2015-11-25 07:35:29,006 INFO     urllib3.connectionpool  [-]  Starting new HTTP connection (1): 10.204.111.43
2015-11-25 07:35:29,154 INFO     Scale                   [-]  Authorized keystone instance ....
2015-11-25 07:35:29,154 INFO     Scale                   [-]  Environment is CentOS ...
2015-11-25 07:35:29,155 INFO     nova                    [-]  Creating authorized instance of nova client instance ...
2015-11-25 07:35:29,155 INFO     nova                    [-]  Authorized nova instance ....
2015-11-25 07:35:29,155 INFO     nova                    [-]  Environment is CentOS ...
2015-11-25 07:35:29,155 INFO     neutron                 [-]  Creating authorized instance of neutron client instance ...
2015-11-25 07:35:29,155 INFO     neutron                 [-]  Authorized neutron instance ....
2015-11-25 07:35:29,155 INFO     neutron                 [-]  Environment is CentOS ...
2015-11-25 07:35:29,155 INFO     glance                  [-]  Creating authorized instance of glance client instance ...
2015-11-25 07:35:29,156 INFO     glance                  [-]  Authorized glance instance ....
2015-11-25 07:35:29,156 INFO     glance                  [-]  Environment is CentOS ...
2015-11-25 07:35:29,161 INFO     __main__                [-]  Getting initial user confiurations.
2015-11-25 07:35:29,161 INFO     __main__                [-]  Getting initial user confiurations Successfull.
2015-11-25 07:35:29,161 INFO     __main__                [-]  Getting client credentials
2015-11-25 07:35:29,162 INFO     __main__                [-]  opening file to detect the environment
2015-11-25 07:35:29,164 INFO     __main__                [-]  Environment returned CentOS
2015-11-25 07:35:29,165 INFO     __main__                [-]  Creating authorized instance of keystone client
2015-11-25 07:35:29,167 INFO     urllib3.connectionpool  [-]  Starting new HTTP connection (1): 10.204.111.43
2015-11-25 07:35:29,317 INFO     __main__                [-]  Authorized keystone instance ....
2015-11-25 07:35:29,317 INFO     __main__                [-]  Environment is CentOS ...
2015-11-25 07:35:29,317 INFO     nova                    [-]  Creating authorized instance of nova client instance ...
2015-11-25 07:35:29,317 INFO     nova                    [-]  Authorized nova instance ....
2015-11-25 07:35:29,318 INFO     nova                    [-]  Environment is CentOS ...
2015-11-25 07:35:29,318 INFO     neutron                 [-]  Creating authorized instance of neutron client instance ...
2015-11-25 07:35:29,318 INFO     neutron                 [-]  Authorized neutron instance ....
2015-11-25 07:35:29,318 INFO     neutron                 [-]  Environment is CentOS ...
2015-11-25 07:35:29,318 INFO     glance                  [-]  Creating authorized instance of glance client instance ...
2015-11-25 07:35:29,319 INFO     glance                  [-]  Authorized glance instance ....
2015-11-25 07:35:29,319 INFO     glance                  [-]  Environment is CentOS ...
2015-11-25 07:35:29,320 INFO     urllib3.connectionpool  [-]  Starting new HTTP connection (1): 10.204.110.40
2015-11-25 07:35:29,423 INFO     urllib3.connectionpool  [-]  Starting new HTTP connection (1): 10.204.110.40
2015-11-25 07:35:32,530 INFO     urllib3.connectionpool  [-]  Starting new HTTP connection (1): 10.204.110.40
2015-11-25 07:35:32,588 INFO     urllib3.connectionpool  [-]  Starting new HTTP connection (1): 10.204.110.40
2015-11-25 07:35:35,620 INFO     urllib3.connectionpool  [-]  Starting new HTTP connection (1): 10.204.110.40
2015-11-25 07:35:35,668 INFO     urllib3.connectionpool  [-]  Starting new HTTP connection (1): 10.204.110.40
2015-11-25 07:35:38,107 INFO     paramiko.transport      [-]  Connected (version 2.0, client OpenSSH_6.6.1p1)
2015-11-25 07:35:38,306 INFO     paramiko.transport      [-]  Authentication (password) successful!
2015-11-25 07:35:41,649 INFO     paramiko.transport      [-]  Secsh channel 1 opened.
2015-11-25 07:35:41,663 INFO     paramiko.transport      [-]  Secsh channel 2 opened.
2015-11-25 07:35:42,114 INFO     paramiko.transport      [-]  Secsh channel 3 opened.
2015-11-25 07:35:42,572 INFO     paramiko.transport      [-]  Connected (version 2.0, client OpenSSH_6.6.1p1)
2015-11-25 07:35:42,890 INFO     paramiko.transport      [-]  Authentication (password) successful!
2015-11-25 07:35:44,785 INFO     paramiko.transport      [-]  Secsh channel 1 opened.
2015-11-25 07:35:44,827 INFO     paramiko.transport      [-]  Secsh channel 2 opened.
2015-11-25 07:35:45,383 INFO     paramiko.transport      [-]  Secsh channel 3 opened.
2015-11-25 07:35:46,232 INFO     paramiko.transport      [-]  Connected (version 2.0, client OpenSSH_6.6.1p1)
2015-11-25 07:35:46,885 INFO     paramiko.transport      [-]  Authentication (password) successful!
2015-11-25 07:35:48,023 INFO     paramiko.transport      [-]  Secsh channel 1 opened.
2015-11-25 07:35:48,055 INFO     paramiko.transport      [-]  Secsh channel 2 opened.
2015-11-25 07:36:18,431 INFO     paramiko.transport      [-]  Connected (version 2.0, client OpenSSH_6.6.1p1)
2015-11-25 07:36:18,541 INFO     paramiko.transport      [-]  Authentication (password) successful!
2015-11-25 07:36:18,611 INFO     paramiko.transport      [-]  Secsh channel 1 opened.
2015-11-25 07:36:18,625 INFO     paramiko.transport      [-]  Secsh channel 2 opened.
2015-11-25 07:36:18,634 INFO     paramiko.transport      [-]  Secsh channel 3 opened.
2015-11-25 07:36:18,690 INFO     paramiko.transport      [-]  Connected (version 2.0, client OpenSSH_6.6.1p1)
2015-11-25 07:36:18,821 INFO     paramiko.transport      [-]  Authentication (password) successful!
2015-11-25 07:36:18,987 INFO     paramiko.transport      [-]  Secsh channel 1 opened.
2015-11-25 07:36:19,017 INFO     paramiko.transport      [-]  Secsh channel 2 opened.
2015-11-25 07:36:19,036 INFO     paramiko.transport      [-]  Secsh channel 3 opened.
2015-11-25 07:36:19,093 INFO     paramiko.transport      [-]  Connected (version 2.0, client OpenSSH_6.6.1p1)
2015-11-25 07:36:19,183 INFO     paramiko.transport      [-]  Authentication (password) successful!
2015-11-25 07:36:19,248 INFO     paramiko.transport      [-]  Secsh channel 1 opened.
2015-11-25 07:36:19,283 INFO     paramiko.transport      [-]  Secsh channel 2 opened.
2015-11-25 07:36:49,344 INFO     paramiko.transport      [-]  Connected (version 2.0, client OpenSSH_6.6.1p1)
2015-11-25 07:36:49,457 INFO     paramiko.transport      [-]  Authentication (password) successful!
2015-11-25 07:36:54,458 INFO     paramiko.transport      [-]  Secsh channel 1 opened.
2015-11-25 07:36:54,484 INFO     paramiko.transport      [-]  Secsh channel 2 opened.
2015-11-25 07:36:54,493 INFO     paramiko.transport      [-]  Secsh channel 3 opened.
2015-11-25 07:36:54,553 INFO     paramiko.transport      [-]  Connected (version 2.0, client OpenSSH_6.6.1p1)
2015-11-25 07:36:54,660 INFO     paramiko.transport      [-]  Authentication (password) successful!
2015-11-25 07:36:54,883 INFO     paramiko.transport      [-]  Secsh channel 1 opened.
2015-11-25 07:36:54,902 INFO     paramiko.transport      [-]  Secsh channel 2 opened.
2015-11-25 07:36:54,935 INFO     paramiko.transport      [-]  Secsh channel 3 opened.
2015-11-25 07:36:54,993 INFO     paramiko.transport      [-]  Connected (version 2.0, client OpenSSH_6.6.1p1)
2015-11-25 07:36:55,108 INFO     paramiko.transport      [-]  Authentication (password) successful!
2015-11-25 07:36:56,487 INFO     paramiko.transport      [-]  Secsh channel 1 opened.
2015-11-25 07:36:56,530 INFO     paramiko.transport      [-]  Secsh channel 2 opened.
2015-11-25 07:37:26,602 INFO     paramiko.transport      [-]  Connected (version 2.0, client OpenSSH_6.6.1p1)
2015-11-25 07:37:26,721 INFO     paramiko.transport      [-]  Authentication (password) successful!
2015-11-25 07:37:26,917 INFO     paramiko.transport      [-]  Secsh channel 1 opened.
2015-11-25 07:37:26,937 INFO     paramiko.transport      [-]  Secsh channel 2 opened.
2015-11-25 07:37:26,947 INFO     paramiko.transport      [-]  Secsh channel 3 opened.
2015-11-25 07:37:27,007 INFO     paramiko.transport      [-]  Connected (version 2.0, client OpenSSH_6.6.1p1)
2015-11-25 07:37:27,146 INFO     paramiko.transport      [-]  Authentication (password) successful!
2015-11-25 07:37:32,237 INFO     paramiko.transport      [-]  Secsh channel 1 opened.
2015-11-25 07:37:32,269 INFO     paramiko.transport      [-]  Secsh channel 2 opened.
2015-11-25 07:37:32,293 INFO     paramiko.transport      [-]  Secsh channel 3 opened.
2015-11-25 07:37:32,669 INFO     paramiko.transport      [-]  Connected (version 2.0, client OpenSSH_6.6.1p1)
2015-11-25 07:37:32,787 INFO     paramiko.transport      [-]  Authentication (password) successful!
2015-11-25 07:37:32,857 INFO     paramiko.transport      [-]  Secsh channel 1 opened.
2015-11-25 07:37:32,868 INFO     paramiko.transport      [-]  Secsh channel 2 opened.
2015-11-25 07:38:02,938 INFO     paramiko.transport      [-]  Connected (version 2.0, client OpenSSH_6.6.1p1)
2015-11-25 07:38:03,050 INFO     paramiko.transport      [-]  Authentication (password) successful!
2015-11-25 07:38:03,276 INFO     paramiko.transport      [-]  Secsh channel 1 opened.
2015-11-25 07:38:03,288 INFO     paramiko.transport      [-]  Secsh channel 2 opened.
2015-11-25 07:38:03,298 INFO     paramiko.transport      [-]  Secsh channel 3 opened.
2015-11-25 07:38:03,356 INFO     paramiko.transport      [-]  Connected (version 2.0, client OpenSSH_6.6.1p1)
2015-11-25 07:38:03,484 INFO     paramiko.transport      [-]  Authentication (password) successful!
2015-11-25 07:38:04,088 INFO     paramiko.transport      [-]  Secsh channel 1 opened.
2015-11-25 07:38:04,096 INFO     paramiko.transport      [-]  Secsh channel 2 opened.
2015-11-25 07:38:04,119 INFO     paramiko.transport      [-]  Secsh channel 3 opened.
2015-11-25 07:38:04,177 INFO     paramiko.transport      [-]  Connected (version 2.0, client OpenSSH_6.6.1p1)
2015-11-25 07:38:04,295 INFO     paramiko.transport      [-]  Authentication (password) successful!
2015-11-25 07:38:04,374 INFO     paramiko.transport      [-]  Secsh channel 1 opened.
2015-11-25 07:38:04,411 INFO     paramiko.transport      [-]  Secsh channel 2 opened.
2015-11-25 07:38:34,486 INFO     paramiko.transport      [-]  Connected (version 2.0, client OpenSSH_6.6.1p1)
2015-11-25 07:38:34,600 INFO     paramiko.transport      [-]  Authentication (password) successful!
2015-11-25 07:38:34,816 INFO     paramiko.transport      [-]  Secsh channel 1 opened.
2015-11-25 07:38:34,823 INFO     paramiko.transport      [-]  Secsh channel 2 opened.
2015-11-25 07:38:34,832 INFO     paramiko.transport      [-]  Secsh channel 3 opened.
2015-11-25 07:38:34,891 INFO     paramiko.transport      [-]  Connected (version 2.0, client OpenSSH_6.6.1p1)
2015-11-25 07:38:35,022 INFO     paramiko.transport      [-]  Authentication (password) successful!
2015-11-25 07:38:35,604 INFO     paramiko.transport      [-]  Secsh channel 1 opened.
2015-11-25 07:38:35,630 INFO     paramiko.transport      [-]  Secsh channel 2 opened.
2015-11-25 07:38:35,657 INFO     paramiko.transport      [-]  Secsh channel 3 opened.
2015-11-25 07:38:35,713 INFO     paramiko.transport      [-]  Connected (version 2.0, client OpenSSH_6.6.1p1)
2015-11-25 07:38:35,824 INFO     paramiko.transport      [-]  Authentication (password) successful!
2015-11-25 07:38:35,890 INFO     paramiko.transport      [-]  Secsh channel 1 opened.
2015-11-25 07:38:35,909 INFO     paramiko.transport      [-]  Secsh channel 2 opened.
2015-11-25 07:39:05,972 INFO     paramiko.transport      [-]  Connected (version 2.0, client OpenSSH_6.6.1p1)
2015-11-25 07:39:06,085 INFO     paramiko.transport      [-]  Authentication (password) successful!
2015-11-25 07:39:06,317 INFO     paramiko.transport      [-]  Secsh channel 1 opened.
2015-11-25 07:39:06,338 INFO     paramiko.transport      [-]  Secsh channel 2 opened.
2015-11-25 07:39:06,348 INFO     paramiko.transport      [-]  Secsh channel 3 opened.
2015-11-25 07:39:06,408 INFO     paramiko.transport      [-]  Connected (version 2.0, client OpenSSH_6.6.1p1)
2015-11-25 07:39:06,536 INFO     paramiko.transport      [-]  Authentication (password) successful!
2015-11-25 07:39:07,113 INFO     paramiko.transport      [-]  Secsh channel 1 opened.
2015-11-25 07:39:07,148 INFO     paramiko.transport      [-]  Secsh channel 2 opened.
2015-11-25 07:39:07,176 INFO     paramiko.transport      [-]  Secsh channel 3 opened.
2015-11-25 07:39:07,232 INFO     paramiko.transport      [-]  Connected (version 2.0, client OpenSSH_6.6.1p1)
2015-11-25 07:39:07,344 INFO     paramiko.transport      [-]  Authentication (password) successful!
2015-11-25 07:39:07,416 INFO     paramiko.transport      [-]  Secsh channel 1 opened.
2015-11-25 07:39:07,429 INFO     paramiko.transport      [-]  Secsh channel 2 opened.
2015-11-25 07:39:37,493 INFO     paramiko.transport      [-]  Connected (version 2.0, client OpenSSH_6.6.1p1)
2015-11-25 07:39:37,606 INFO     paramiko.transport      [-]  Authentication (password) successful!
2015-11-25 07:39:37,833 INFO     paramiko.transport      [-]  Secsh channel 1 opened.
2015-11-25 07:39:37,845 INFO     paramiko.transport      [-]  Secsh channel 2 opened.
2015-11-25 07:39:37,896 INFO     paramiko.transport      [-]  Secsh channel 3 opened.
2015-11-25 07:39:37,939 INFO     paramiko.transport      [-]  Connected (version 2.0, client OpenSSH_6.6.1p1)
2015-11-25 07:39:38,076 INFO     paramiko.transport      [-]  Authentication (password) successful!
2015-11-25 07:39:38,277 INFO     paramiko.transport      [-]  Secsh channel 1 opened.
2015-11-25 07:39:38,301 INFO     paramiko.transport      [-]  Secsh channel 2 opened.
2015-11-25 07:39:38,322 INFO     paramiko.transport      [-]  Secsh channel 3 opened.
2015-11-25 07:39:38,382 INFO     paramiko.transport      [-]  Connected (version 2.0, client OpenSSH_6.6.1p1)
2015-11-25 07:39:38,496 INFO     paramiko.transport      [-]  Authentication (password) successful!
2015-11-25 07:39:38,575 INFO     paramiko.transport      [-]  Secsh channel 1 opened.
2015-11-25 07:39:38,591 INFO     paramiko.transport      [-]  Secsh channel 2 opened.
2015-11-25 07:40:08,654 INFO     paramiko.transport      [-]  Connected (version 2.0, client OpenSSH_6.6.1p1)
2015-11-25 07:40:08,772 INFO     paramiko.transport      [-]  Authentication (password) successful!
2015-11-25 07:40:09,011 INFO     paramiko.transport      [-]  Secsh channel 1 opened.
2015-11-25 07:40:09,019 INFO     paramiko.transport      [-]  Secsh channel 2 opened.
2015-11-25 07:40:09,030 INFO     paramiko.transport      [-]  Secsh channel 3 opened.
2015-11-25 07:40:09,088 INFO     paramiko.transport      [-]  Connected (version 2.0, client OpenSSH_6.6.1p1)
2015-11-25 07:40:09,202 INFO     paramiko.transport      [-]  Authentication (password) successful!
2015-11-25 07:40:09,420 INFO     paramiko.transport      [-]  Secsh channel 1 opened.
2015-11-25 07:40:09,441 INFO     paramiko.transport      [-]  Secsh channel 2 opened.
2015-11-25 07:40:09,462 INFO     paramiko.transport      [-]  Secsh channel 3 opened.
2015-11-25 07:40:09,526 INFO     paramiko.transport      [-]  Connected (version 2.0, client OpenSSH_6.6.1p1)
2015-11-25 07:40:09,641 INFO     paramiko.transport      [-]  Authentication (password) successful!
2015-11-25 07:40:09,720 INFO     paramiko.transport      [-]  Secsh channel 1 opened.
2015-11-25 07:40:09,760 INFO     paramiko.transport      [-]  Secsh channel 2 opened.
2015-11-25 07:40:39,855 INFO     paramiko.transport      [-]  Connected (version 2.0, client OpenSSH_6.6.1p1)
2015-11-25 07:40:39,956 INFO     paramiko.transport      [-]  Authentication (password) successful!
2015-11-25 07:40:40,037 INFO     paramiko.transport      [-]  Secsh channel 1 opened.
2015-11-25 07:40:40,052 INFO     paramiko.transport      [-]  Secsh channel 2 opened.
2015-11-25 07:40:40,069 INFO     paramiko.transport      [-]  Secsh channel 3 opened.
2015-11-25 07:40:40,129 INFO     paramiko.transport      [-]  Connected (version 2.0, client OpenSSH_6.6.1p1)
2015-11-25 07:40:40,250 INFO     paramiko.transport      [-]  Authentication (password) successful!
2015-11-25 07:40:40,494 INFO     paramiko.transport      [-]  Secsh channel 1 opened.
2015-11-25 07:40:40,514 INFO     paramiko.transport      [-]  Secsh channel 2 opened.
2015-11-25 07:40:40,548 INFO     paramiko.transport      [-]  Secsh channel 3 opened.
2015-11-25 07:40:40,607 INFO     paramiko.transport      [-]  Connected (version 2.0, client OpenSSH_6.6.1p1)
2015-11-25 07:40:40,725 INFO     paramiko.transport      [-]  Authentication (password) successful!
2015-11-25 07:40:40,796 INFO     paramiko.transport      [-]  Secsh channel 1 opened.
2015-11-25 07:40:40,816 INFO     paramiko.transport      [-]  Secsh channel 2 opened.
2015-11-25 07:41:10,876 INFO     paramiko.transport      [-]  Connected (version 2.0, client OpenSSH_6.6.1p1)
2015-11-25 07:41:10,994 INFO     paramiko.transport      [-]  Authentication (password) successful!
2015-11-25 07:41:11,213 INFO     paramiko.transport      [-]  Secsh channel 1 opened.
2015-11-25 07:41:11,225 INFO     paramiko.transport      [-]  Secsh channel 2 opened.
2015-11-25 07:41:11,239 INFO     paramiko.transport      [-]  Secsh channel 3 opened.
2015-11-25 07:41:11,300 INFO     paramiko.transport      [-]  Connected (version 2.0, client OpenSSH_6.6.1p1)
2015-11-25 07:41:11,429 INFO     paramiko.transport      [-]  Authentication (password) successful!
2015-11-25 07:41:11,644 INFO     paramiko.transport      [-]  Secsh channel 1 opened.
2015-11-25 07:41:11,661 INFO     paramiko.transport      [-]  Secsh channel 2 opened.
2015-11-25 07:41:11,730 INFO     paramiko.transport      [-]  Secsh channel 3 opened.
2015-11-25 07:41:11,775 INFO     paramiko.transport      [-]  Connected (version 2.0, client OpenSSH_6.6.1p1)
2015-11-25 07:41:11,888 INFO     paramiko.transport      [-]  Authentication (password) successful!
2015-11-25 07:41:11,963 INFO     paramiko.transport      [-]  Secsh channel 1 opened.
2015-11-25 07:41:11,972 INFO     paramiko.transport      [-]  Secsh channel 2 opened.
2015-11-25 07:41:42,033 INFO     paramiko.transport      [-]  Connected (version 2.0, client OpenSSH_6.6.1p1)
2015-11-25 07:41:42,146 INFO     paramiko.transport      [-]  Authentication (password) successful!
2015-11-25 07:41:42,370 INFO     paramiko.transport      [-]  Secsh channel 1 opened.
2015-11-25 07:41:42,383 INFO     paramiko.transport      [-]  Secsh channel 2 opened.
2015-11-25 07:41:42,396 INFO     paramiko.transport      [-]  Secsh channel 3 opened.
2015-11-25 07:41:42,459 INFO     paramiko.transport      [-]  Connected (version 2.0, client OpenSSH_6.6.1p1)
2015-11-25 07:41:42,567 INFO     paramiko.transport      [-]  Authentication (password) successful!
2015-11-25 07:41:42,811 INFO     paramiko.transport      [-]  Secsh channel 1 opened.
2015-11-25 07:41:42,840 INFO     paramiko.transport      [-]  Secsh channel 2 opened.
2015-11-25 07:41:42,862 INFO     paramiko.transport      [-]  Secsh channel 3 opened.
2015-11-25 07:41:42,920 INFO     paramiko.transport      [-]  Connected (version 2.0, client OpenSSH_6.6.1p1)
2015-11-25 07:41:43,031 INFO     paramiko.transport      [-]  Authentication (password) successful!
2015-11-25 07:41:43,105 INFO     paramiko.transport      [-]  Secsh channel 1 opened.
2015-11-25 07:41:43,116 INFO     paramiko.transport      [-]  Secsh channel 2 opened.
2015-11-25 07:42:13,179 INFO     paramiko.transport      [-]  Connected (version 2.0, client OpenSSH_6.6.1p1)
2015-11-25 07:42:13,293 INFO     paramiko.transport      [-]  Authentication (password) successful!
2015-11-25 07:42:13,376 INFO     paramiko.transport      [-]  Secsh channel 1 opened.
2015-11-25 07:42:13,412 INFO     paramiko.transport      [-]  Secsh channel 2 opened.
2015-11-25 07:42:13,460 INFO     paramiko.transport      [-]  Secsh channel 3 opened.
2015-11-25 07:42:13,505 INFO     paramiko.transport      [-]  Connected (version 2.0, client OpenSSH_6.6.1p1)
2015-11-25 07:42:13,666 INFO     paramiko.transport      [-]  Authentication (password) successful!
2015-11-25 07:42:13,924 INFO     paramiko.transport      [-]  Secsh channel 1 opened.
2015-11-25 07:42:13,934 INFO     paramiko.transport      [-]  Secsh channel 2 opened.
2015-11-25 07:42:13,969 INFO     paramiko.transport      [-]  Secsh channel 3 opened.
2015-11-25 07:42:14,026 INFO     paramiko.transport      [-]  Connected (version 2.0, client OpenSSH_6.6.1p1)
2015-11-25 07:42:14,139 INFO     paramiko.transport      [-]  Authentication (password) successful!
2015-11-25 07:42:14,217 INFO     paramiko.transport      [-]  Secsh channel 1 opened.
2015-11-25 07:42:14,226 INFO     paramiko.transport      [-]  Secsh channel 2 opened.
2015-11-25 07:42:44,303 INFO     paramiko.transport      [-]  Connected (version 2.0, client OpenSSH_6.6.1p1)
2015-11-25 07:42:44,426 INFO     paramiko.transport      [-]  Authentication (password) successful!
2015-11-25 07:42:44,671 INFO     paramiko.transport      [-]  Secsh channel 1 opened.
2015-11-25 07:42:44,701 INFO     paramiko.transport      [-]  Secsh channel 2 opened.
2015-11-25 07:42:44,713 INFO     paramiko.transport      [-]  Secsh channel 3 opened.
2015-11-25 07:42:44,769 INFO     paramiko.transport      [-]  Connected (version 2.0, client OpenSSH_6.6.1p1)
2015-11-25 07:42:44,899 INFO     paramiko.transport      [-]  Authentication (password) successful!
2015-11-25 07:42:45,095 INFO     paramiko.transport      [-]  Secsh channel 1 opened.
2015-11-25 07:42:45,109 INFO     paramiko.transport      [-]  Secsh channel 2 opened.
2015-11-25 07:42:45,137 INFO     paramiko.transport      [-]  Secsh channel 3 opened.
2015-11-25 07:42:45,193 INFO     paramiko.transport      [-]  Connected (version 2.0, client OpenSSH_6.6.1p1)
2015-11-25 07:42:45,308 INFO     paramiko.transport      [-]  Authentication (password) successful!
2015-11-25 07:42:45,379 INFO     paramiko.transport      [-]  Secsh channel 1 opened.
2015-11-25 07:42:45,391 INFO     paramiko.transport      [-]  Secsh channel 2 opened.
2015-11-25 07:43:15,455 INFO     paramiko.transport      [-]  Connected (version 2.0, client OpenSSH_6.6.1p1)
2015-11-25 07:43:15,569 INFO     paramiko.transport      [-]  Authentication (password) successful!
2015-11-25 07:43:15,789 INFO     paramiko.transport      [-]  Secsh channel 1 opened.
2015-11-25 07:43:15,796 INFO     paramiko.transport      [-]  Secsh channel 2 opened.
2015-11-25 07:43:15,810 INFO     paramiko.transport      [-]  Secsh channel 3 opened.
2015-11-25 07:43:15,873 INFO     paramiko.transport      [-]  Connected (version 2.0, client OpenSSH_6.6.1p1)
2015-11-25 07:43:15,982 INFO     paramiko.transport      [-]  Authentication (password) successful!
2015-11-25 07:43:16,246 INFO     paramiko.transport      [-]  Secsh channel 1 opened.
2015-11-25 07:43:16,262 INFO     paramiko.transport      [-]  Secsh channel 2 opened.
2015-11-25 07:43:16,289 INFO     paramiko.transport      [-]  Secsh channel 3 opened.
2015-11-25 07:43:16,345 INFO     paramiko.transport      [-]  Connected (version 2.0, client OpenSSH_6.6.1p1)
2015-11-25 07:43:16,452 INFO     paramiko.transport      [-]  Authentication (password) successful!
2015-11-25 07:43:16,532 INFO     paramiko.transport      [-]  Secsh channel 1 opened.
2015-11-25 07:43:16,560 INFO     paramiko.transport      [-]  Secsh channel 2 opened.
2015-11-25 07:43:46,623 INFO     paramiko.transport      [-]  Connected (version 2.0, client OpenSSH_6.6.1p1)
2015-11-25 07:43:46,738 INFO     paramiko.transport      [-]  Authentication (password) successful!
2015-11-25 07:43:46,974 INFO     paramiko.transport      [-]  Secsh channel 1 opened.
2015-11-25 07:43:46,984 INFO     paramiko.transport      [-]  Secsh channel 2 opened.
2015-11-25 07:43:46,993 INFO     paramiko.transport      [-]  Secsh channel 3 opened.
2015-11-25 07:43:47,051 INFO     paramiko.transport      [-]  Connected (version 2.0, client OpenSSH_6.6.1p1)
2015-11-25 07:43:47,155 INFO     paramiko.transport      [-]  Authentication (password) successful!
2015-11-25 07:43:47,361 INFO     paramiko.transport      [-]  Secsh channel 1 opened.
2015-11-25 07:43:47,369 INFO     paramiko.transport      [-]  Secsh channel 2 opened.
2015-11-25 07:43:47,391 INFO     paramiko.transport      [-]  Secsh channel 3 opened.
2015-11-25 07:43:47,453 INFO     paramiko.transport      [-]  Connected (version 2.0, client OpenSSH_6.6.1p1)
2015-11-25 07:43:47,570 INFO     paramiko.transport      [-]  Authentication (password) successful!
2015-11-25 07:43:47,641 INFO     paramiko.transport      [-]  Secsh channel 1 opened.
2015-11-25 07:43:47,662 INFO     paramiko.transport      [-]  Secsh channel 2 opened.
2015-11-25 07:44:17,730 INFO     paramiko.transport      [-]  Connected (version 2.0, client OpenSSH_6.6.1p1)
2015-11-25 07:44:17,846 INFO     paramiko.transport      [-]  Authentication (password) successful!
2015-11-25 07:44:18,083 INFO     paramiko.transport      [-]  Secsh channel 1 opened.
2015-11-25 07:44:18,098 INFO     paramiko.transport      [-]  Secsh channel 2 opened.
2015-11-25 07:44:18,107 INFO     paramiko.transport      [-]  Secsh channel 3 opened.
2015-11-25 07:44:18,163 INFO     paramiko.transport      [-]  Connected (version 2.0, client OpenSSH_6.6.1p1)
2015-11-25 07:44:18,292 INFO     paramiko.transport      [-]  Authentication (password) successful!
2015-11-25 07:44:18,519 INFO     paramiko.transport      [-]  Secsh channel 1 opened.
2015-11-25 07:44:18,526 INFO     paramiko.transport      [-]  Secsh channel 2 opened.
2015-11-25 07:44:18,553 INFO     paramiko.transport      [-]  Secsh channel 3 opened.
2015-11-25 07:44:18,608 INFO     paramiko.transport      [-]  Connected (version 2.0, client OpenSSH_6.6.1p1)
2015-11-25 07:44:18,723 INFO     paramiko.transport      [-]  Authentication (password) successful!
2015-11-25 07:44:18,796 INFO     paramiko.transport      [-]  Secsh channel 1 opened.
2015-11-25 07:44:18,806 INFO     paramiko.transport      [-]  Secsh channel 2 opened.
2015-11-25 07:44:48,875 INFO     paramiko.transport      [-]  Connected (version 2.0, client OpenSSH_6.6.1p1)
2015-11-25 07:44:48,982 INFO     paramiko.transport      [-]  Authentication (password) successful!
2015-11-25 07:44:49,230 INFO     paramiko.transport      [-]  Secsh channel 1 opened.
2015-11-25 07:44:49,254 INFO     paramiko.transport      [-]  Secsh channel 2 opened.
2015-11-25 07:44:49,300 INFO     paramiko.transport      [-]  Secsh channel 3 opened.
2015-11-25 07:44:49,347 INFO     paramiko.transport      [-]  Connected (version 2.0, client OpenSSH_6.6.1p1)
2015-11-25 07:44:49,478 INFO     paramiko.transport      [-]  Authentication (password) successful!
2015-11-25 07:44:49,699 INFO     paramiko.transport      [-]  Secsh channel 1 opened.
2015-11-25 07:44:49,706 INFO     paramiko.transport      [-]  Secsh channel 2 opened.
2015-11-25 07:44:49,732 INFO     paramiko.transport      [-]  Secsh channel 3 opened.
2015-11-25 07:44:49,792 INFO     paramiko.transport      [-]  Connected (version 2.0, client OpenSSH_6.6.1p1)
2015-11-25 07:44:49,906 INFO     paramiko.transport      [-]  Authentication (password) successful!
2015-11-25 07:44:49,986 INFO     paramiko.transport      [-]  Secsh channel 1 opened.
2015-11-25 07:44:50,027 INFO     paramiko.transport      [-]  Secsh channel 2 opened.
2015-11-25 07:45:20,104 INFO     paramiko.transport      [-]  Connected (version 2.0, client OpenSSH_6.6.1p1)
2015-11-25 07:45:20,222 INFO     paramiko.transport      [-]  Authentication (password) successful!
2015-11-25 07:45:20,312 INFO     paramiko.transport      [-]  Secsh channel 1 opened.
2015-11-25 07:45:20,343 INFO     paramiko.transport      [-]  Secsh channel 2 opened.
2015-11-25 07:45:20,354 INFO     paramiko.transport      [-]  Secsh channel 3 opened.
2015-11-25 07:45:20,413 INFO     paramiko.transport      [-]  Connected (version 2.0, client OpenSSH_6.6.1p1)
2015-11-25 07:45:20,523 INFO     paramiko.transport      [-]  Authentication (password) successful!
2015-11-25 07:45:20,762 INFO     paramiko.transport      [-]  Secsh channel 1 opened.
2015-11-25 07:45:20,770 INFO     paramiko.transport      [-]  Secsh channel 2 opened.
2015-11-25 07:45:20,816 INFO     paramiko.transport      [-]  Secsh channel 3 opened.
2015-11-25 07:45:20,871 INFO     paramiko.transport      [-]  Connected (version 2.0, client OpenSSH_6.6.1p1)
2015-11-25 07:45:20,993 INFO     paramiko.transport      [-]  Authentication (password) successful!
2015-11-25 07:45:21,060 INFO     paramiko.transport      [-]  Secsh channel 1 opened.
2015-11-25 07:45:21,069 INFO     paramiko.transport      [-]  Secsh channel 2 opened.
2015-11-25 07:45:51,185 INFO     paramiko.transport      [-]  Connected (version 2.0, client OpenSSH_6.6.1p1)
2015-11-25 07:45:51,344 INFO     paramiko.transport      [-]  Authentication (password) successful!
2015-11-25 07:45:51,549 INFO     paramiko.transport      [-]  Secsh channel 1 opened.
2015-11-25 07:45:51,573 INFO     paramiko.transport      [-]  Secsh channel 2 opened.
2015-11-25 07:45:51,584 INFO     paramiko.transport      [-]  Secsh channel 3 opened.
2015-11-25 07:45:51,642 INFO     paramiko.transport      [-]  Connected (version 2.0, client OpenSSH_6.6.1p1)
2015-11-25 07:45:51,785 INFO     paramiko.transport      [-]  Authentication (password) successful!
2015-11-25 07:45:51,952 INFO     paramiko.transport      [-]  Secsh channel 1 opened.
2015-11-25 07:45:51,980 INFO     paramiko.transport      [-]  Secsh channel 2 opened.
2015-11-25 07:45:52,006 INFO     paramiko.transport      [-]  Secsh channel 3 opened.
2015-11-25 07:45:52,093 INFO     paramiko.transport      [-]  Connected (version 2.0, client OpenSSH_6.6.1p1)
2015-11-25 07:45:52,250 INFO     paramiko.transport      [-]  Authentication (password) successful!
2015-11-25 07:45:52,457 INFO     paramiko.transport      [-]  Secsh channel 1 opened.
2015-11-25 07:45:52,482 INFO     paramiko.transport      [-]  Secsh channel 2 opened.
2015-11-25 07:46:22,577 INFO     paramiko.transport      [-]  Connected (version 2.0, client OpenSSH_6.6.1p1)
2015-11-25 07:46:22,689 INFO     paramiko.transport      [-]  Authentication (password) successful!
2015-11-25 07:46:22,887 INFO     paramiko.transport      [-]  Secsh channel 1 opened.
2015-11-25 07:46:22,910 INFO     paramiko.transport      [-]  Secsh channel 2 opened.
2015-11-25 07:46:22,919 INFO     paramiko.transport      [-]  Secsh channel 3 opened.
2015-11-25 07:46:22,974 INFO     paramiko.transport      [-]  Connected (version 2.0, client OpenSSH_6.6.1p1)
2015-11-25 07:46:23,104 INFO     paramiko.transport      [-]  Authentication (password) successful!
2015-11-25 07:46:23,290 INFO     paramiko.transport      [-]  Secsh channel 1 opened.
2015-11-25 07:46:23,303 INFO     paramiko.transport      [-]  Secsh channel 2 opened.
2015-11-25 07:46:23,329 INFO     paramiko.transport      [-]  Secsh channel 3 opened.
2015-11-25 07:46:23,382 INFO     paramiko.transport      [-]  Connected (version 2.0, client OpenSSH_6.6.1p1)
2015-11-25 07:46:23,495 INFO     paramiko.transport      [-]  Authentication (password) successful!
2015-11-25 07:46:23,701 INFO     paramiko.transport      [-]  Secsh channel 1 opened.
2015-11-25 07:46:23,717 INFO     paramiko.transport      [-]  Secsh channel 2 opened.
2015-11-25 07:46:53,779 INFO     paramiko.transport      [-]  Connected (version 2.0, client OpenSSH_6.6.1p1)
2015-11-25 07:46:53,887 INFO     paramiko.transport      [-]  Authentication (password) successful!
2015-11-25 07:46:54,099 INFO     paramiko.transport      [-]  Secsh channel 1 opened.
2015-11-25 07:46:54,109 INFO     paramiko.transport      [-]  Secsh channel 2 opened.
2015-11-25 07:46:54,121 INFO     paramiko.transport      [-]  Secsh channel 3 opened.
2015-11-25 07:46:54,184 INFO     paramiko.transport      [-]  Connected (version 2.0, client OpenSSH_6.6.1p1)
2015-11-25 07:46:54,295 INFO     paramiko.transport      [-]  Authentication (password) successful!
2015-11-25 07:46:54,492 INFO     paramiko.transport      [-]  Secsh channel 1 opened.
2015-11-25 07:46:54,511 INFO     paramiko.transport      [-]  Secsh channel 2 opened.
2015-11-25 07:46:54,535 INFO     paramiko.transport      [-]  Secsh channel 3 opened.
2015-11-25 07:46:54,595 INFO     paramiko.transport      [-]  Connected (version 2.0, client OpenSSH_6.6.1p1)
2015-11-25 07:46:54,707 INFO     paramiko.transport      [-]  Authentication (password) successful!
2015-11-25 07:46:54,781 INFO     paramiko.transport      [-]  Secsh channel 1 opened.
2015-11-25 07:46:54,792 INFO     paramiko.transport      [-]  Secsh channel 2 opened.
2015-11-25 07:47:24,852 INFO     paramiko.transport      [-]  Connected (version 2.0, client OpenSSH_6.6.1p1)
2015-11-25 07:47:24,969 INFO     paramiko.transport      [-]  Authentication (password) successful!
2015-11-25 07:47:25,180 INFO     paramiko.transport      [-]  Secsh channel 1 opened.
2015-11-25 07:47:25,196 INFO     paramiko.transport      [-]  Secsh channel 2 opened.
2015-11-25 07:47:25,206 INFO     paramiko.transport      [-]  Secsh channel 3 opened.
2015-11-25 07:47:25,267 INFO     paramiko.transport      [-]  Connected (version 2.0, client OpenSSH_6.6.1p1)
2015-11-25 07:47:25,382 INFO     paramiko.transport      [-]  Authentication (password) successful!
2015-11-25 07:47:25,620 INFO     paramiko.transport      [-]  Secsh channel 1 opened.
2015-11-25 07:47:25,656 INFO     paramiko.transport      [-]  Secsh channel 2 opened.
2015-11-25 07:47:25,678 INFO     paramiko.transport      [-]  Secsh channel 3 opened.
2015-11-25 07:47:25,737 INFO     paramiko.transport      [-]  Connected (version 2.0, client OpenSSH_6.6.1p1)
2015-11-25 07:47:25,852 INFO     paramiko.transport      [-]  Authentication (password) successful!
2015-11-25 07:47:25,919 INFO     paramiko.transport      [-]  Secsh channel 1 opened.
2015-11-25 07:47:25,943 INFO     paramiko.transport      [-]  Secsh channel 2 opened.
2015-11-25 07:47:56,005 INFO     paramiko.transport      [-]  Connected (version 2.0, client OpenSSH_6.6.1p1)
2015-11-25 07:47:56,123 INFO     paramiko.transport      [-]  Authentication (password) successful!
2015-11-25 07:47:56,361 INFO     paramiko.transport      [-]  Secsh channel 1 opened.
2015-11-25 07:47:56,372 INFO     paramiko.transport      [-]  Secsh channel 2 opened.
2015-11-25 07:47:56,384 INFO     paramiko.transport      [-]  Secsh channel 3 opened.
2015-11-25 07:47:56,437 INFO     paramiko.transport      [-]  Connected (version 2.0, client OpenSSH_6.6.1p1)
2015-11-25 07:47:56,575 INFO     paramiko.transport      [-]  Authentication (password) successful!
2015-11-25 07:47:56,771 INFO     paramiko.transport      [-]  Secsh channel 1 opened.
2015-11-25 07:47:56,800 INFO     paramiko.transport      [-]  Secsh channel 2 opened.
2015-11-25 07:47:56,825 INFO     paramiko.transport      [-]  Secsh channel 3 opened.
2015-11-25 07:47:56,879 INFO     paramiko.transport      [-]  Connected (version 2.0, client OpenSSH_6.6.1p1)
2015-11-25 07:47:56,992 INFO     paramiko.transport      [-]  Authentication (password) successful!
2015-11-25 07:47:57,068 INFO     paramiko.transport      [-]  Secsh channel 1 opened.
2015-11-25 07:47:57,076 INFO     paramiko.transport      [-]  Secsh channel 2 opened.
2015-11-25 07:48:27,714 INFO     paramiko.transport      [-]  Connected (version 2.0, client OpenSSH_6.6.1p1)
2015-11-25 07:48:27,836 INFO     paramiko.transport      [-]  Authentication (password) successful!
2015-11-25 07:48:28,054 INFO     paramiko.transport      [-]  Secsh channel 1 opened.
2015-11-25 07:48:28,064 INFO     paramiko.transport      [-]  Secsh channel 2 opened.
2015-11-25 07:48:28,073 INFO     paramiko.transport      [-]  Secsh channel 3 opened.
2015-11-25 07:48:28,733 INFO     paramiko.transport      [-]  Connected (version 2.0, client OpenSSH_6.6.1p1)
2015-11-25 07:48:28,865 INFO     paramiko.transport      [-]  Authentication (password) successful!
2015-11-25 07:48:29,079 INFO     paramiko.transport      [-]  Secsh channel 1 opened.
2015-11-25 07:48:29,092 INFO     paramiko.transport      [-]  Secsh channel 2 opened.
2015-11-25 07:48:29,116 INFO     paramiko.transport      [-]  Secsh channel 3 opened.
2015-11-25 07:48:29,171 INFO     paramiko.transport      [-]  Connected (version 2.0, client OpenSSH_6.6.1p1)
2015-11-25 07:48:29,284 INFO     paramiko.transport      [-]  Authentication (password) successful!
2015-11-25 07:48:29,354 INFO     paramiko.transport      [-]  Secsh channel 1 opened.
2015-11-25 07:48:29,390 INFO     paramiko.transport      [-]  Secsh channel 2 opened.
2015-11-25 07:48:59,477 INFO     paramiko.transport      [-]  Connected (version 2.0, client OpenSSH_6.6.1p1)
2015-11-25 07:48:59,600 INFO     paramiko.transport      [-]  Authentication (password) successful!
2015-11-25 07:48:59,819 INFO     paramiko.transport      [-]  Secsh channel 1 opened.
2015-11-25 07:48:59,827 INFO     paramiko.transport      [-]  Secsh channel 2 opened.
2015-11-25 07:48:59,841 INFO     paramiko.transport      [-]  Secsh channel 3 opened.
2015-11-25 07:48:59,901 INFO     paramiko.transport      [-]  Connected (version 2.0, client OpenSSH_6.6.1p1)
2015-11-25 07:49:00,035 INFO     paramiko.transport      [-]  Authentication (password) successful!
2015-11-25 07:49:00,288 INFO     paramiko.transport      [-]  Secsh channel 1 opened.
2015-11-25 07:49:00,310 INFO     paramiko.transport      [-]  Secsh channel 2 opened.
2015-11-25 07:49:00,338 INFO     paramiko.transport      [-]  Secsh channel 3 opened.
2015-11-25 07:49:00,397 INFO     paramiko.transport      [-]  Connected (version 2.0, client OpenSSH_6.6.1p1)
2015-11-25 07:49:00,512 INFO     paramiko.transport      [-]  Authentication (password) successful!
2015-11-25 07:49:00,581 INFO     paramiko.transport      [-]  Secsh channel 1 opened.
2015-11-25 07:49:00,595 INFO     paramiko.transport      [-]  Secsh channel 2 opened.
2015-11-25 07:49:30,672 INFO     paramiko.transport      [-]  Connected (version 2.0, client OpenSSH_6.6.1p1)
2015-11-25 07:49:30,792 INFO     paramiko.transport      [-]  Authentication (password) successful!
2015-11-25 07:49:31,042 INFO     paramiko.transport      [-]  Secsh channel 1 opened.
2015-11-25 07:49:31,072 INFO     paramiko.transport      [-]  Secsh channel 2 opened.
2015-11-25 07:49:31,082 INFO     paramiko.transport      [-]  Secsh channel 3 opened.
2015-11-25 07:49:31,143 INFO     paramiko.transport      [-]  Connected (version 2.0, client OpenSSH_6.6.1p1)
2015-11-25 07:49:31,280 INFO     paramiko.transport      [-]  Authentication (password) successful!
2015-11-25 07:49:31,505 INFO     paramiko.transport      [-]  Secsh channel 1 opened.
2015-11-25 07:49:31,515 INFO     paramiko.transport      [-]  Secsh channel 2 opened.
2015-11-25 07:49:31,546 INFO     paramiko.transport      [-]  Secsh channel 3 opened.
2015-11-25 07:49:31,605 INFO     paramiko.transport      [-]  Connected (version 2.0, client OpenSSH_6.6.1p1)
2015-11-25 07:49:31,719 INFO     paramiko.transport      [-]  Authentication (password) successful!
2015-11-25 07:49:31,801 INFO     paramiko.transport      [-]  Secsh channel 1 opened.
2015-11-25 07:49:31,839 INFO     paramiko.transport      [-]  Secsh channel 2 opened.
2015-11-25 07:50:01,917 INFO     paramiko.transport      [-]  Connected (version 2.0, client OpenSSH_6.6.1p1)
2015-11-25 07:50:02,031 INFO     paramiko.transport      [-]  Authentication (password) successful!
2015-11-25 07:50:02,267 INFO     paramiko.transport      [-]  Secsh channel 1 opened.
2015-11-25 07:50:02,282 INFO     paramiko.transport      [-]  Secsh channel 2 opened.
2015-11-25 07:50:02,293 INFO     paramiko.transport      [-]  Secsh channel 3 opened.
2015-11-25 07:50:02,361 INFO     paramiko.transport      [-]  Connected (version 2.0, client OpenSSH_6.6.1p1)
2015-11-25 07:50:02,470 INFO     paramiko.transport      [-]  Authentication (password) successful!
2015-11-25 07:50:02,682 INFO     paramiko.transport      [-]  Secsh channel 1 opened.
2015-11-25 07:50:02,693 INFO     paramiko.transport      [-]  Secsh channel 2 opened.
2015-11-25 07:50:02,732 INFO     paramiko.transport      [-]  Secsh channel 3 opened.
2015-11-25 07:50:03,698 INFO     paramiko.transport      [-]  Connected (version 2.0, client OpenSSH_6.6.1p1)
2015-11-25 07:50:03,812 INFO     paramiko.transport      [-]  Authentication (password) successful!
2015-11-25 07:50:03,891 INFO     paramiko.transport      [-]  Secsh channel 1 opened.
2015-11-25 07:50:03,932 INFO     paramiko.transport      [-]  Secsh channel 2 opened.
2015-11-25 07:50:34,018 INFO     paramiko.transport      [-]  Connected (version 2.0, client OpenSSH_6.6.1p1)
2015-11-25 07:50:34,130 INFO     paramiko.transport      [-]  Authentication (password) successful!
2015-11-25 07:50:34,215 INFO     paramiko.transport      [-]  Secsh channel 1 opened.
2015-11-25 07:50:34,251 INFO     paramiko.transport      [-]  Secsh channel 2 opened.
2015-11-25 07:50:34,267 INFO     paramiko.transport      [-]  Secsh channel 3 opened.
2015-11-25 07:50:34,322 INFO     paramiko.transport      [-]  Connected (version 2.0, client OpenSSH_6.6.1p1)
2015-11-25 07:50:34,455 INFO     paramiko.transport      [-]  Authentication (password) successful!
2015-11-25 07:50:34,699 INFO     paramiko.transport      [-]  Secsh channel 1 opened.
2015-11-25 07:50:34,716 INFO     paramiko.transport      [-]  Secsh channel 2 opened.
2015-11-25 07:50:34,741 INFO     paramiko.transport      [-]  Secsh channel 3 opened.
2015-11-25 07:50:34,797 INFO     paramiko.transport      [-]  Connected (version 2.0, client OpenSSH_6.6.1p1)
2015-11-25 07:50:34,911 INFO     paramiko.transport      [-]  Authentication (password) successful!
2015-11-25 07:50:34,997 INFO     paramiko.transport      [-]  Secsh channel 1 opened.
2015-11-25 07:50:35,005 INFO     paramiko.transport      [-]  Secsh channel 2 opened.
2015-11-25 07:51:05,075 INFO     paramiko.transport      [-]  Connected (version 2.0, client OpenSSH_6.6.1p1)
2015-11-25 07:51:05,196 INFO     paramiko.transport      [-]  Authentication (password) successful!
2015-11-25 07:51:05,279 INFO     paramiko.transport      [-]  Secsh channel 1 opened.
2015-11-25 07:51:05,310 INFO     paramiko.transport      [-]  Secsh channel 2 opened.
2015-11-25 07:51:05,322 INFO     paramiko.transport      [-]  Secsh channel 3 opened.
2015-11-25 07:51:05,378 INFO     paramiko.transport      [-]  Connected (version 2.0, client OpenSSH_6.6.1p1)
2015-11-25 07:51:05,510 INFO     paramiko.transport      [-]  Authentication (password) successful!
2015-11-25 07:51:05,749 INFO     paramiko.transport      [-]  Secsh channel 1 opened.
2015-11-25 07:51:05,762 INFO     paramiko.transport      [-]  Secsh channel 2 opened.
2015-11-25 07:51:05,827 INFO     paramiko.transport      [-]  Secsh channel 3 opened.
2015-11-25 07:51:05,870 INFO     paramiko.transport      [-]  Connected (version 2.0, client OpenSSH_6.6.1p1)
2015-11-25 07:51:05,987 INFO     paramiko.transport      [-]  Authentication (password) successful!
2015-11-25 07:51:06,063 INFO     paramiko.transport      [-]  Secsh channel 1 opened.
2015-11-25 07:51:06,105 INFO     paramiko.transport      [-]  Secsh channel 2 opened.
2015-11-25 07:51:36,166 INFO     paramiko.transport      [-]  Connected (version 2.0, client OpenSSH_6.6.1p1)
2015-11-25 07:51:36,282 INFO     paramiko.transport      [-]  Authentication (password) successful!
2015-11-25 07:51:36,372 INFO     paramiko.transport      [-]  Secsh channel 1 opened.
2015-11-25 07:51:36,402 INFO     paramiko.transport      [-]  Secsh channel 2 opened.
2015-11-25 07:51:36,414 INFO     paramiko.transport      [-]  Secsh channel 3 opened.
2015-11-25 07:51:36,476 INFO     paramiko.transport      [-]  Connected (version 2.0, client OpenSSH_6.6.1p1)
2015-11-25 07:51:36,605 INFO     paramiko.transport      [-]  Authentication (password) successful!
2015-11-25 07:51:36,802 INFO     paramiko.transport      [-]  Secsh channel 1 opened.
2015-11-25 07:51:36,834 INFO     paramiko.transport      [-]  Secsh channel 2 opened.
2015-11-25 07:51:36,869 INFO     paramiko.transport      [-]  Secsh channel 3 opened.
2015-11-25 07:51:36,924 INFO     paramiko.transport      [-]  Connected (version 2.0, client OpenSSH_6.6.1p1)
2015-11-25 07:51:37,037 INFO     paramiko.transport      [-]  Authentication (password) successful!
2015-11-25 07:51:37,111 INFO     paramiko.transport      [-]  Secsh channel 1 opened.
2015-11-25 07:51:37,122 INFO     paramiko.transport      [-]  Secsh channel 2 opened.
2015-11-25 07:52:07,182 INFO     paramiko.transport      [-]  Connected (version 2.0, client OpenSSH_6.6.1p1)
2015-11-25 07:52:07,293 INFO     paramiko.transport      [-]  Authentication (password) successful!
2015-11-25 07:52:07,382 INFO     paramiko.transport      [-]  Secsh channel 1 opened.
2015-11-25 07:52:07,415 INFO     paramiko.transport      [-]  Secsh channel 2 opened.
2015-11-25 07:52:07,425 INFO     paramiko.transport      [-]  Secsh channel 3 opened.
2015-11-25 07:52:07,487 INFO     paramiko.transport      [-]  Connected (version 2.0, client OpenSSH_6.6.1p1)
2015-11-25 07:52:07,616 INFO     paramiko.transport      [-]  Authentication (password) successful!
2015-11-25 07:52:07,817 INFO     paramiko.transport      [-]  Secsh channel 1 opened.
2015-11-25 07:52:07,825 INFO     paramiko.transport      [-]  Secsh channel 2 opened.
2015-11-25 07:52:07,849 INFO     paramiko.transport      [-]  Secsh channel 3 opened.
2015-11-25 07:52:07,904 INFO     paramiko.transport      [-]  Connected (version 2.0, client OpenSSH_6.6.1p1)
2015-11-25 07:52:08,021 INFO     paramiko.transport      [-]  Authentication (password) successful!
2015-11-25 07:52:08,107 INFO     paramiko.transport      [-]  Secsh channel 1 opened.
2015-11-25 07:52:08,135 INFO     paramiko.transport      [-]  Secsh channel 2 opened.
2015-11-25 07:52:38,224 INFO     paramiko.transport      [-]  Connected (version 2.0, client OpenSSH_6.6.1p1)
2015-11-25 07:52:38,340 INFO     paramiko.transport      [-]  Authentication (password) successful!
2015-11-25 07:52:38,425 INFO     paramiko.transport      [-]  Secsh channel 1 opened.
2015-11-25 07:52:38,459 INFO     paramiko.transport      [-]  Secsh channel 2 opened.
2015-11-25 07:52:38,470 INFO     paramiko.transport      [-]  Secsh channel 3 opened.
2015-11-25 07:52:38,528 INFO     paramiko.transport      [-]  Connected (version 2.0, client OpenSSH_6.6.1p1)
2015-11-25 07:52:38,657 INFO     paramiko.transport      [-]  Authentication (password) successful!
2015-11-25 07:52:38,901 INFO     paramiko.transport      [-]  Secsh channel 1 opened.
2015-11-25 07:52:38,932 INFO     paramiko.transport      [-]  Secsh channel 2 opened.
2015-11-25 07:52:38,960 INFO     paramiko.transport      [-]  Secsh channel 3 opened.
2015-11-25 07:52:39,020 INFO     paramiko.transport      [-]  Connected (version 2.0, client OpenSSH_6.6.1p1)
2015-11-25 07:52:39,138 INFO     paramiko.transport      [-]  Authentication (password) successful!
2015-11-25 07:52:39,216 INFO     paramiko.transport      [-]  Secsh channel 1 opened.
2015-11-25 07:52:39,253 INFO     paramiko.transport      [-]  Secsh channel 2 opened.
2015-11-25 07:53:09,314 INFO     paramiko.transport      [-]  Connected (version 2.0, client OpenSSH_6.6.1p1)
2015-11-25 07:53:09,432 INFO     paramiko.transport      [-]  Authentication (password) successful!
2015-11-25 07:53:09,506 INFO     paramiko.transport      [-]  Secsh channel 1 opened.
2015-11-25 07:53:09,548 INFO     paramiko.transport      [-]  Secsh channel 2 opened.
2015-11-25 07:53:09,604 INFO     paramiko.transport      [-]  Secsh channel 3 opened.
2015-11-25 07:53:09,644 INFO     paramiko.transport      [-]  Connected (version 2.0, client OpenSSH_6.6.1p1)
2015-11-25 07:53:09,783 INFO     paramiko.transport      [-]  Authentication (password) successful!
2015-11-25 07:53:10,011 INFO     paramiko.transport      [-]  Secsh channel 1 opened.
2015-11-25 07:53:10,022 INFO     paramiko.transport      [-]  Secsh channel 2 opened.
2015-11-25 07:53:10,052 INFO     paramiko.transport      [-]  Secsh channel 3 opened.
2015-11-25 07:53:10,109 INFO     paramiko.transport      [-]  Connected (version 2.0, client OpenSSH_6.6.1p1)
2015-11-25 07:53:10,224 INFO     paramiko.transport      [-]  Authentication (password) successful!
2015-11-25 07:53:10,300 INFO     paramiko.transport      [-]  Secsh channel 1 opened.
2015-11-25 07:53:10,308 INFO     paramiko.transport      [-]  Secsh channel 2 opened.
2015-11-25 07:53:40,377 INFO     paramiko.transport      [-]  Connected (version 2.0, client OpenSSH_6.6.1p1)
2015-11-25 07:53:40,471 INFO     paramiko.transport      [-]  Authentication (password) successful!
2015-11-25 07:53:40,566 INFO     paramiko.transport      [-]  Secsh channel 1 opened.
2015-11-25 07:53:40,607 INFO     paramiko.transport      [-]  Secsh channel 2 opened.
2015-11-25 07:53:40,617 INFO     paramiko.transport      [-]  Secsh channel 3 opened.
2015-11-25 07:53:40,681 INFO     paramiko.transport      [-]  Connected (version 2.0, client OpenSSH_6.6.1p1)
2015-11-25 07:53:40,815 INFO     paramiko.transport      [-]  Authentication (password) successful!
2015-11-25 07:53:41,048 INFO     paramiko.transport      [-]  Secsh channel 1 opened.
2015-11-25 07:53:41,071 INFO     paramiko.transport      [-]  Secsh channel 2 opened.
2015-11-25 07:53:41,142 INFO     paramiko.transport      [-]  Secsh channel 3 opened.
2015-11-25 07:53:41,186 INFO     paramiko.transport      [-]  Connected (version 2.0, client OpenSSH_6.6.1p1)
2015-11-25 07:53:41,300 INFO     paramiko.transport      [-]  Authentication (password) successful!
2015-11-25 07:53:41,381 INFO     paramiko.transport      [-]  Secsh channel 1 opened.
2015-11-25 07:53:41,421 INFO     paramiko.transport      [-]  Secsh channel 2 opened.
2015-11-25 07:54:11,482 INFO     paramiko.transport      [-]  Connected (version 2.0, client OpenSSH_6.6.1p1)
2015-11-25 07:54:11,599 INFO     paramiko.transport      [-]  Authentication (password) successful!
2015-11-25 07:54:11,684 INFO     paramiko.transport      [-]  Secsh channel 1 opened.
2015-11-25 07:54:11,716 INFO     paramiko.transport      [-]  Secsh channel 2 opened.
2015-11-25 07:54:11,724 INFO     paramiko.transport      [-]  Secsh channel 3 opened.
2015-11-25 07:54:11,787 INFO     paramiko.transport      [-]  Connected (version 2.0, client OpenSSH_6.6.1p1)
2015-11-25 07:54:11,920 INFO     paramiko.transport      [-]  Authentication (password) successful!
2015-11-25 07:54:12,146 INFO     paramiko.transport      [-]  Secsh channel 1 opened.
2015-11-25 07:54:12,158 INFO     paramiko.transport      [-]  Secsh channel 2 opened.
2015-11-25 07:54:12,194 INFO     paramiko.transport      [-]  Secsh channel 3 opened.
2015-11-25 07:54:12,225 INFO     paramiko.transport      [-]  Connected (version 2.0, client OpenSSH_6.6.1p1)
2015-11-25 07:54:12,340 INFO     paramiko.transport      [-]  Authentication (password) successful!
2015-11-25 07:54:12,559 INFO     paramiko.transport      [-]  Secsh channel 1 opened.
2015-11-25 07:54:12,569 INFO     paramiko.transport      [-]  Secsh channel 2 opened.
2015-11-25 07:54:42,631 INFO     paramiko.transport      [-]  Connected (version 2.0, client OpenSSH_6.6.1p1)
2015-11-25 07:54:42,750 INFO     paramiko.transport      [-]  Authentication (password) successful!
2015-11-25 07:54:42,837 INFO     paramiko.transport      [-]  Secsh channel 1 opened.
2015-11-25 07:54:42,867 INFO     paramiko.transport      [-]  Secsh channel 2 opened.
2015-11-25 07:54:42,878 INFO     paramiko.transport      [-]  Secsh channel 3 opened.
2015-11-25 07:54:42,934 INFO     paramiko.transport      [-]  Connected (version 2.0, client OpenSSH_6.6.1p1)
2015-11-25 07:54:43,064 INFO     paramiko.transport      [-]  Authentication (password) successful!
2015-11-25 07:54:43,302 INFO     paramiko.transport      [-]  Secsh channel 1 opened.
2015-11-25 07:54:43,313 INFO     paramiko.transport      [-]  Secsh channel 2 opened.
2015-11-25 07:54:43,379 INFO     paramiko.transport      [-]  Secsh channel 3 opened.
2015-11-25 07:54:43,425 INFO     paramiko.transport      [-]  Connected (version 2.0, client OpenSSH_6.6.1p1)
2015-11-25 07:54:43,545 INFO     paramiko.transport      [-]  Authentication (password) successful!
2015-11-25 07:54:43,628 INFO     paramiko.transport      [-]  Secsh channel 1 opened.
2015-11-25 07:54:43,660 INFO     paramiko.transport      [-]  Secsh channel 2 opened.
2015-11-25 07:55:13,735 INFO     paramiko.transport      [-]  Connected (version 2.0, client OpenSSH_6.6.1p1)
2015-11-25 07:55:13,846 INFO     paramiko.transport      [-]  Authentication (password) successful!
2015-11-25 07:55:14,122 INFO     paramiko.transport      [-]  Secsh channel 1 opened.
2015-11-25 07:55:14,133 INFO     paramiko.transport      [-]  Secsh channel 2 opened.
2015-11-25 07:55:14,144 INFO     paramiko.transport      [-]  Secsh channel 3 opened.
2015-11-25 07:55:14,970 INFO     paramiko.transport      [-]  Connected (version 2.0, client OpenSSH_6.6.1p1)
2015-11-25 07:55:15,117 INFO     paramiko.transport      [-]  Authentication (password) successful!
2015-11-25 07:55:15,394 INFO     paramiko.transport      [-]  Secsh channel 1 opened.
2015-11-25 07:55:15,422 INFO     paramiko.transport      [-]  Secsh channel 2 opened.
2015-11-25 07:55:15,443 INFO     paramiko.transport      [-]  Secsh channel 3 opened.
2015-11-25 07:55:15,501 INFO     paramiko.transport      [-]  Connected (version 2.0, client OpenSSH_6.6.1p1)
2015-11-25 07:55:15,611 INFO     paramiko.transport      [-]  Authentication (password) successful!
2015-11-25 07:55:15,692 INFO     paramiko.transport      [-]  Secsh channel 1 opened.
2015-11-25 07:55:15,717 INFO     paramiko.transport      [-]  Secsh channel 2 opened.
2015-11-25 07:55:45,791 INFO     paramiko.transport      [-]  Connected (version 2.0, client OpenSSH_6.6.1p1)
2015-11-25 07:55:45,907 INFO     paramiko.transport      [-]  Authentication (password) successful!
2015-11-25 07:55:46,124 INFO     paramiko.transport      [-]  Secsh channel 1 opened.
2015-11-25 07:55:46,200 INFO     paramiko.transport      [-]  Secsh channel 2 opened.
2015-11-25 07:55:46,210 INFO     paramiko.transport      [-]  Secsh channel 3 opened.
2015-11-25 07:55:46,275 INFO     paramiko.transport      [-]  Connected (version 2.0, client OpenSSH_6.6.1p1)
2015-11-25 07:55:46,483 INFO     paramiko.transport      [-]  Authentication (password) successful!
2015-11-25 07:55:46,700 INFO     paramiko.transport      [-]  Secsh channel 1 opened.
2015-11-25 07:55:46,722 INFO     paramiko.transport      [-]  Secsh channel 2 opened.
2015-11-25 07:55:46,745 INFO     paramiko.transport      [-]  Secsh channel 3 opened.
2015-11-25 07:55:46,801 INFO     paramiko.transport      [-]  Connected (version 2.0, client OpenSSH_6.6.1p1)
2015-11-25 07:55:46,911 INFO     paramiko.transport      [-]  Authentication (password) successful!
2015-11-25 07:55:47,113 INFO     paramiko.transport      [-]  Secsh channel 1 opened.
2015-11-25 07:55:47,120 INFO     paramiko.transport      [-]  Secsh channel 2 opened.
2015-11-25 07:55:47,135 INFO     urllib3.connectionpool  [-]  Starting new HTTP connection (1): 10.204.111.43
