2015-11-25 05:44:25,645 INFO     Scale_down              [-]  Getting initial user confiurations.
2015-11-25 05:44:25,645 INFO     Scale_down              [-]  Getting initial user confiurations Successfull.
2015-11-25 05:44:25,646 INFO     Scale_down              [-]  Getting client credentials
2015-11-25 05:44:25,646 INFO     Scale_down              [-]  opening file to detect the environment
2015-11-25 05:44:25,649 INFO     Scale_down              [-]  Environment returned CentOS
2015-11-25 05:44:25,649 INFO     Scale_down              [-]  Creating authorized instance of keystone client
2015-11-25 05:44:25,656 INFO     urllib3.connectionpool  [-]  Starting new HTTP connection (1): 10.204.111.43
2015-11-25 05:44:25,817 INFO     Scale_down              [-]  Authorized keystone instance ....
2015-11-25 05:44:25,817 INFO     Scale_down              [-]  Environment is CentOS ...
2015-11-25 05:44:25,817 INFO     nova                    [-]  Creating authorized instance of nova client instance ...
2015-11-25 05:44:25,817 INFO     nova                    [-]  Authorized nova instance ....
2015-11-25 05:44:25,817 INFO     nova                    [-]  Environment is CentOS ...
2015-11-25 05:44:25,817 INFO     neutron                 [-]  Creating authorized instance of neutron client instance ...
2015-11-25 05:44:25,817 INFO     neutron                 [-]  Authorized neutron instance ....
2015-11-25 05:44:25,818 INFO     neutron                 [-]  Environment is CentOS ...
2015-11-25 05:44:25,818 INFO     glance                  [-]  Creating authorized instance of glance client instance ...
2015-11-25 05:44:25,845 INFO     glance                  [-]  Authorized glance instance ....
2015-11-25 05:44:25,845 INFO     glance                  [-]  Environment is CentOS ...
2015-11-25 05:44:25,850 INFO     Scale                   [-]  Getting initial user confiurations.
2015-11-25 05:44:25,850 INFO     Scale                   [-]  Getting initial user confiurations Successfull.
2015-11-25 05:44:25,851 INFO     Scale                   [-]  Getting client credentials
2015-11-25 05:44:25,851 INFO     Scale                   [-]  opening file to detect the environment
2015-11-25 05:44:25,854 INFO     Scale                   [-]  Environment returned CentOS
2015-11-25 05:44:25,854 INFO     Scale                   [-]  Creating authorized instance of keystone client
2015-11-25 05:44:25,856 INFO     urllib3.connectionpool  [-]  Starting new HTTP connection (1): 10.204.111.43
2015-11-25 05:44:26,008 INFO     Scale                   [-]  Authorized keystone instance ....
2015-11-25 05:44:26,008 INFO     Scale                   [-]  Environment is CentOS ...
2015-11-25 05:44:26,008 INFO     nova                    [-]  Creating authorized instance of nova client instance ...
2015-11-25 05:44:26,008 INFO     nova                    [-]  Authorized nova instance ....
2015-11-25 05:44:26,008 INFO     nova                    [-]  Environment is CentOS ...
2015-11-25 05:44:26,008 INFO     neutron                 [-]  Creating authorized instance of neutron client instance ...
2015-11-25 05:44:26,008 INFO     neutron                 [-]  Authorized neutron instance ....
2015-11-25 05:44:26,008 INFO     neutron                 [-]  Environment is CentOS ...
2015-11-25 05:44:26,009 INFO     glance                  [-]  Creating authorized instance of glance client instance ...
2015-11-25 05:44:26,009 INFO     glance                  [-]  Authorized glance instance ....
2015-11-25 05:44:26,009 INFO     glance                  [-]  Environment is CentOS ...
2015-11-25 05:44:26,014 INFO     __main__                [-]  Getting initial user confiurations.
2015-11-25 05:44:26,014 INFO     __main__                [-]  Getting initial user confiurations Successfull.
2015-11-25 05:44:26,014 INFO     __main__                [-]  Getting client credentials
2015-11-25 05:44:26,014 INFO     __main__                [-]  opening file to detect the environment
2015-11-25 05:44:26,017 INFO     __main__                [-]  Environment returned CentOS
2015-11-25 05:44:26,017 INFO     __main__                [-]  Creating authorized instance of keystone client
2015-11-25 05:44:26,019 INFO     urllib3.connectionpool  [-]  Starting new HTTP connection (1): 10.204.111.43
2015-11-25 05:44:26,171 INFO     __main__                [-]  Authorized keystone instance ....
2015-11-25 05:44:26,171 INFO     __main__                [-]  Environment is CentOS ...
2015-11-25 05:44:26,171 INFO     nova                    [-]  Creating authorized instance of nova client instance ...
2015-11-25 05:44:26,171 INFO     nova                    [-]  Authorized nova instance ....
2015-11-25 05:44:26,171 INFO     nova                    [-]  Environment is CentOS ...
2015-11-25 05:44:26,172 INFO     neutron                 [-]  Creating authorized instance of neutron client instance ...
2015-11-25 05:44:26,172 INFO     neutron                 [-]  Authorized neutron instance ....
2015-11-25 05:44:26,172 INFO     neutron                 [-]  Environment is CentOS ...
2015-11-25 05:44:26,172 INFO     glance                  [-]  Creating authorized instance of glance client instance ...
2015-11-25 05:44:26,172 INFO     glance                  [-]  Authorized glance instance ....
2015-11-25 05:44:26,172 INFO     glance                  [-]  Environment is CentOS ...
2015-11-25 05:44:26,173 INFO     urllib3.connectionpool  [-]  Starting new HTTP connection (1): 10.204.110.40
2015-11-25 05:44:26,299 INFO     urllib3.connectionpool  [-]  Starting new HTTP connection (1): 10.204.110.40
2015-11-25 05:44:28,957 INFO     urllib3.connectionpool  [-]  Starting new HTTP connection (1): 10.204.110.40
2015-11-25 05:44:29,048 INFO     urllib3.connectionpool  [-]  Starting new HTTP connection (1): 10.204.110.40
2015-11-25 05:44:31,507 INFO     urllib3.connectionpool  [-]  Starting new HTTP connection (1): 10.204.110.40
2015-11-25 05:44:31,575 INFO     urllib3.connectionpool  [-]  Starting new HTTP connection (1): 10.204.110.40
2015-11-25 05:44:33,521 INFO     paramiko.transport      [-]  Connected (version 2.0, client OpenSSH_6.6.1p1)
2015-11-25 05:44:33,713 INFO     paramiko.transport      [-]  Authentication (password) successful!
2015-11-25 05:44:35,709 INFO     paramiko.transport      [-]  Secsh channel 1 opened.
2015-11-25 05:44:35,722 INFO     paramiko.transport      [-]  Secsh channel 2 opened.
2015-11-25 05:44:35,996 INFO     paramiko.transport      [-]  Secsh channel 3 opened.
2015-11-25 05:44:37,693 INFO     paramiko.transport      [-]  Connected (version 2.0, client OpenSSH_6.6.1p1)
2015-11-25 05:44:38,322 INFO     paramiko.transport      [-]  Authentication (password) successful!
2015-11-25 05:44:44,401 INFO     paramiko.transport      [-]  Secsh channel 1 opened.
2015-11-25 05:44:44,436 INFO     paramiko.transport      [-]  Secsh channel 2 opened.
2015-11-25 05:44:46,027 INFO     paramiko.transport      [-]  Secsh channel 3 opened.
2015-11-25 05:44:46,826 INFO     paramiko.transport      [-]  Connected (version 2.0, client OpenSSH_6.6.1p1)
2015-11-25 05:44:47,090 INFO     paramiko.transport      [-]  Authentication (password) successful!
2015-11-25 05:44:52,907 INFO     paramiko.transport      [-]  Secsh channel 1 opened.
2015-11-25 05:44:52,920 INFO     paramiko.transport      [-]  Secsh channel 2 opened.
2015-11-25 05:44:53,428 INFO     urllib3.connectionpool  [-]  Starting new HTTP connection (1): 10.204.111.43
2015-11-25 05:44:53,579 INFO     urllib3.connectionpool  [-]  Starting new HTTP connection (1): 10.204.110.40
2015-11-25 05:44:53,710 INFO     urllib3.connectionpool  [-]  Starting new HTTP connection (1): 10.204.110.40
2015-11-25 05:44:56,398 INFO     urllib3.connectionpool  [-]  Starting new HTTP connection (1): 10.204.111.43
2015-11-25 05:44:56,561 INFO     urllib3.connectionpool  [-]  Starting new HTTP connection (1): 10.204.110.40
2015-11-25 05:44:56,656 INFO     urllib3.connectionpool  [-]  Starting new HTTP connection (1): 10.204.110.40
2015-11-25 05:44:56,745 INFO     urllib3.connectionpool  [-]  Starting new HTTP connection (1): 10.204.111.43
2015-11-25 05:44:56,895 INFO     urllib3.connectionpool  [-]  Starting new HTTP connection (1): 10.204.110.40
2015-11-25 05:44:56,991 INFO     urllib3.connectionpool  [-]  Starting new HTTP connection (1): 10.204.110.40
2015-11-25 05:45:00,182 INFO     urllib3.connectionpool  [-]  Starting new HTTP connection (1): 10.204.110.40
2015-11-25 05:45:00,233 INFO     urllib3.connectionpool  [-]  Starting new HTTP connection (1): 10.204.110.40
2015-11-25 05:45:30,351 INFO     urllib3.connectionpool  [-]  Starting new HTTP connection (1): 10.204.110.40
2015-11-25 05:45:30,400 INFO     urllib3.connectionpool  [-]  Starting new HTTP connection (1): 10.204.110.40
2015-11-25 05:46:00,488 INFO     urllib3.connectionpool  [-]  Starting new HTTP connection (1): 10.204.110.40
2015-11-25 05:46:00,540 INFO     urllib3.connectionpool  [-]  Starting new HTTP connection (1): 10.204.110.40
2015-11-25 05:46:30,653 INFO     urllib3.connectionpool  [-]  Starting new HTTP connection (1): 10.204.110.40
2015-11-25 05:46:30,703 INFO     urllib3.connectionpool  [-]  Starting new HTTP connection (1): 10.204.110.40
2015-11-25 05:47:00,783 INFO     urllib3.connectionpool  [-]  Starting new HTTP connection (1): 10.204.110.40
2015-11-25 05:47:00,834 INFO     urllib3.connectionpool  [-]  Starting new HTTP connection (1): 10.204.110.40
2015-11-25 05:47:30,925 INFO     urllib3.connectionpool  [-]  Starting new HTTP connection (1): 10.204.110.40
2015-11-25 05:47:30,968 INFO     urllib3.connectionpool  [-]  Starting new HTTP connection (1): 10.204.110.40
2015-11-25 05:50:32,756 INFO     urllib3.connectionpool  [-]  Starting new HTTP connection (1): 10.204.110.40
2015-11-25 05:50:32,848 INFO     urllib3.connectionpool  [-]  Starting new HTTP connection (1): 10.204.110.40
2015-11-25 05:50:35,068 INFO     paramiko.transport      [-]  Connected (version 2.0, client OpenSSH_6.6.1p1)
2015-11-25 05:50:35,368 INFO     paramiko.transport      [-]  Authentication (password) successful!
2015-11-25 05:50:38,784 INFO     paramiko.transport      [-]  Secsh channel 1 opened.
2015-11-25 05:50:38,788 INFO     paramiko.transport      [-]  Secsh channel 2 opened.
2015-11-25 05:50:38,829 INFO     paramiko.transport      [-]  Secsh channel 3 opened.
2015-11-25 05:50:38,869 INFO     paramiko.transport      [-]  Secsh channel 4 opened.
2015-11-25 05:50:38,912 INFO     paramiko.transport      [-]  Secsh channel 5 opened.
2015-11-25 05:50:38,976 INFO     paramiko.transport      [-]  Secsh channel 6 opened.
2015-11-25 05:50:39,008 INFO     paramiko.transport      [-]  Secsh channel 7 opened.
2015-11-25 05:50:39,055 INFO     paramiko.transport      [-]  Secsh channel 8 opened.
2015-11-25 05:50:39,093 INFO     paramiko.transport      [-]  Secsh channel 9 opened.
2015-11-25 05:50:39,100 INFO     paramiko.transport      [-]  Secsh channel 10 opened.
2015-11-25 05:50:39,180 INFO     paramiko.transport      [-]  Secsh channel 11 opened.
2015-11-25 05:50:39,260 INFO     paramiko.transport      [-]  Secsh channel 12 opened.
2015-11-25 05:54:53,376 INFO     paramiko.transport      [-]  Secsh channel 13 opened.
2015-11-25 05:54:58,423 INFO     paramiko.transport      [-]  Secsh channel 14 opened.
2015-11-25 05:59:40,488 INFO     paramiko.transport      [-]  Secsh channel 15 opened.
2015-11-25 05:59:45,534 INFO     paramiko.transport      [-]  Secsh channel 16 opened.
2015-11-25 05:59:46,342 INFO     paramiko.transport      [-]  Secsh channel 17 opened.
2015-11-25 05:59:51,389 INFO     paramiko.transport      [-]  Secsh channel 18 opened.
2015-11-25 05:59:51,512 INFO     paramiko.transport      [-]  Secsh channel 19 opened.
2015-11-25 05:59:52,093 INFO     paramiko.transport      [-]  Secsh channel 20 opened.
2015-11-25 05:59:52,133 INFO     paramiko.transport      [-]  Secsh channel 21 opened.
2015-11-25 05:59:52,138 INFO     paramiko.transport      [-]  Secsh channel 22 opened.
2015-11-25 06:00:11,787 INFO     paramiko.transport      [-]  Secsh channel 23 opened.
2015-11-25 06:00:11,828 INFO     paramiko.transport      [-]  Secsh channel 24 opened.
2015-11-25 06:00:11,836 INFO     paramiko.transport      [-]  Secsh channel 25 opened.
2015-11-25 06:00:14,013 INFO     paramiko.transport      [-]  Secsh channel 26 opened.
2015-11-25 06:00:14,056 INFO     paramiko.transport      [-]  Secsh channel 27 opened.
2015-11-25 06:00:14,338 INFO     urllib3.connectionpool  [-]  Starting new HTTP connection (1): 10.204.110.40
2015-11-25 06:00:14,458 INFO     urllib3.connectionpool  [-]  Starting new HTTP connection (1): 10.204.110.40
2015-11-25 06:00:16,715 INFO     paramiko.transport      [-]  Connected (version 2.0, client OpenSSH_6.6.1p1)
2015-11-25 06:00:17,094 INFO     paramiko.transport      [-]  Authentication (password) successful!
2015-11-25 06:00:20,650 INFO     paramiko.transport      [-]  Secsh channel 1 opened.
2015-11-25 06:00:20,669 INFO     paramiko.transport      [-]  Secsh channel 2 opened.
2015-11-25 06:00:20,710 INFO     paramiko.transport      [-]  Secsh channel 3 opened.
2015-11-25 06:00:20,776 INFO     paramiko.transport      [-]  Secsh channel 4 opened.
2015-11-25 06:00:20,815 INFO     paramiko.transport      [-]  Secsh channel 5 opened.
2015-11-25 06:00:20,820 INFO     paramiko.transport      [-]  Secsh channel 6 opened.
2015-11-25 06:00:20,862 INFO     paramiko.transport      [-]  Secsh channel 7 opened.
2015-11-25 06:00:20,909 INFO     paramiko.transport      [-]  Secsh channel 8 opened.
2015-11-25 06:00:20,951 INFO     paramiko.transport      [-]  Secsh channel 9 opened.
2015-11-25 06:00:20,955 INFO     paramiko.transport      [-]  Secsh channel 10 opened.
2015-11-25 06:00:20,961 INFO     paramiko.transport      [-]  Secsh channel 11 opened.
2015-11-25 06:00:21,002 INFO     paramiko.transport      [-]  Secsh channel 12 opened.
2015-11-25 06:06:39,295 INFO     paramiko.transport      [-]  Secsh channel 13 opened.
2015-11-25 06:06:44,341 INFO     paramiko.transport      [-]  Secsh channel 14 opened.
2015-11-25 06:15:38,513 INFO     paramiko.transport      [-]  Secsh channel 15 opened.
2015-11-25 06:15:43,559 INFO     paramiko.transport      [-]  Secsh channel 16 opened.
2015-11-25 06:18:23,048 INFO     paramiko.transport      [-]  Secsh channel 17 opened.
2015-11-25 06:18:28,094 INFO     paramiko.transport      [-]  Secsh channel 18 opened.
2015-11-25 06:18:28,946 INFO     paramiko.transport      [-]  Secsh channel 19 opened.
2015-11-25 06:18:29,752 INFO     paramiko.transport      [-]  Secsh channel 20 opened.
2015-11-25 06:19:48,178 INFO     paramiko.transport      [-]  Secsh channel 21 opened.
2015-11-25 06:19:53,225 INFO     paramiko.transport      [-]  Secsh channel 22 opened.
2015-11-25 06:19:53,251 INFO     paramiko.transport      [-]  Secsh channel 23 opened.
2015-11-25 06:19:53,620 INFO     paramiko.transport      [-]  Secsh channel 24 opened.
2015-11-25 06:19:53,698 INFO     paramiko.transport      [-]  Secsh channel 25 opened.
2015-11-25 06:19:53,739 INFO     paramiko.transport      [-]  Secsh channel 26 opened.
2015-11-25 06:19:54,930 INFO     paramiko.transport      [-]  Secsh channel 27 opened.
2015-11-25 06:19:54,971 INFO     paramiko.transport      [-]  Secsh channel 28 opened.
2015-11-25 06:19:59,981 INFO     paramiko.transport      [-]  Secsh channel 29 opened.
2015-11-25 06:19:59,985 INFO     paramiko.transport      [-]  Secsh channel 30 opened.
2015-11-25 06:19:59,991 INFO     paramiko.transport      [-]  Secsh channel 31 opened.
2015-11-25 06:20:02,135 INFO     paramiko.transport      [-]  Secsh channel 32 opened.
2015-11-25 06:20:02,348 INFO     paramiko.transport      [-]  Secsh channel 33 opened.
2015-11-25 06:20:02,633 INFO     urllib3.connectionpool  [-]  Starting new HTTP connection (1): 10.204.110.40
2015-11-25 06:20:03,446 INFO     urllib3.connectionpool  [-]  Starting new HTTP connection (1): 10.204.110.40
2015-11-25 06:20:06,394 INFO     paramiko.transport      [-]  Connected (version 2.0, client OpenSSH_6.6.1p1)
2015-11-25 06:20:06,631 INFO     paramiko.transport      [-]  Authentication (password) successful!
2015-11-25 06:20:21,945 INFO     paramiko.transport      [-]  Secsh channel 1 opened.
2015-11-25 06:20:21,967 INFO     paramiko.transport      [-]  Secsh channel 2 opened.
2015-11-25 06:20:22,026 INFO     paramiko.transport      [-]  Secsh channel 3 opened.
2015-11-25 06:20:25,644 INFO     paramiko.transport      [-]  Secsh channel 4 opened.
2015-11-25 06:21:20,497 INFO     paramiko.transport      [-]  Secsh channel 5 opened.
2015-11-25 06:21:20,545 INFO     paramiko.transport      [-]  Secsh channel 6 opened.
2015-11-25 06:21:20,586 INFO     paramiko.transport      [-]  Secsh channel 7 opened.
2015-11-25 06:21:20,594 INFO     paramiko.transport      [-]  Secsh channel 8 opened.
2015-11-25 06:21:20,603 INFO     paramiko.transport      [-]  Secsh channel 9 opened.
2015-11-25 06:21:20,610 INFO     paramiko.transport      [-]  Secsh channel 10 opened.
2015-11-25 06:26:50,853 INFO     paramiko.transport      [-]  Secsh channel 11 opened.
2015-11-25 06:33:51,217 INFO     paramiko.transport      [-]  Secsh channel 12 opened.
2015-11-25 06:34:51,298 INFO     paramiko.transport      [-]  Secsh channel 13 opened.
2015-11-25 06:35:21,347 INFO     paramiko.transport      [-]  Secsh channel 14 opened.
2015-11-25 06:35:21,389 INFO     paramiko.transport      [-]  Secsh channel 15 opened.
2015-11-25 06:35:21,430 INFO     paramiko.transport      [-]  Secsh channel 16 opened.
2015-11-25 06:35:21,434 INFO     paramiko.transport      [-]  Secsh channel 17 opened.
2015-11-25 06:35:22,292 INFO     paramiko.transport      [-]  Secsh channel 18 opened.
2015-11-25 06:35:22,334 INFO     paramiko.transport      [-]  Secsh channel 19 opened.
2015-11-25 06:35:22,340 INFO     paramiko.transport      [-]  Secsh channel 20 opened.
2015-11-25 06:35:24,522 INFO     paramiko.transport      [-]  Secsh channel 21 opened.
2015-11-25 06:35:24,566 INFO     paramiko.transport      [-]  Secsh channel 22 opened.
2015-11-25 06:35:25,126 INFO     urllib3.connectionpool  [-]  Starting new HTTP connection (1): 10.204.110.40
2015-11-25 06:35:25,282 INFO     urllib3.connectionpool  [-]  Starting new HTTP connection (1): 10.204.110.40
2015-11-25 06:35:27,560 INFO     paramiko.transport      [-]  Connected (version 2.0, client OpenSSH_6.6.1p1)
2015-11-25 06:35:27,834 INFO     paramiko.transport      [-]  Authentication (password) successful!
2015-11-25 06:35:31,522 INFO     paramiko.transport      [-]  Secsh channel 1 opened.
2015-11-25 06:35:31,542 INFO     paramiko.transport      [-]  Secsh channel 2 opened.
2015-11-25 06:35:31,571 INFO     paramiko.transport      [-]  Secsh channel 3 opened.
2015-11-25 06:35:31,585 INFO     paramiko.transport      [-]  Secsh channel 4 opened.
2015-11-25 06:35:31,623 INFO     paramiko.transport      [-]  Secsh channel 5 opened.
2015-11-25 06:35:31,629 INFO     paramiko.transport      [-]  Secsh channel 6 opened.
2015-11-25 06:35:31,669 INFO     paramiko.transport      [-]  Secsh channel 7 opened.
2015-11-25 06:35:31,719 INFO     paramiko.transport      [-]  Secsh channel 8 opened.
2015-11-25 06:35:31,760 INFO     paramiko.transport      [-]  Secsh channel 9 opened.
2015-11-25 06:35:31,767 INFO     paramiko.transport      [-]  Secsh channel 10 opened.
2015-11-25 06:35:31,810 INFO     paramiko.transport      [-]  Secsh channel 11 opened.
2015-11-25 06:35:31,890 INFO     paramiko.transport      [-]  Secsh channel 12 opened.
2015-11-25 06:35:31,937 INFO     paramiko.transport      [-]  Secsh channel 13 opened.
2015-11-25 06:35:32,018 INFO     paramiko.transport      [-]  Secsh channel 14 opened.
2015-11-25 06:36:02,214 INFO     paramiko.transport      [-]  Secsh channel 15 opened.
2015-11-25 06:36:32,263 INFO     paramiko.transport      [-]  Secsh channel 16 opened.
2015-11-25 06:42:02,552 INFO     paramiko.transport      [-]  Secsh channel 17 opened.
2015-11-25 06:42:32,598 INFO     paramiko.transport      [-]  Secsh channel 18 opened.
2015-11-25 06:43:02,639 INFO     paramiko.transport      [-]  Secsh channel 19 opened.
2015-11-25 06:44:09,911 INFO     paramiko.transport      [-]  Secsh channel 20 opened.
2015-11-25 06:44:14,957 INFO     paramiko.transport      [-]  Secsh channel 21 opened.
2015-11-25 06:44:15,699 INFO     paramiko.transport      [-]  Secsh channel 22 opened.
2015-11-25 06:44:20,744 INFO     paramiko.transport      [-]  Secsh channel 23 opened.
2015-11-25 06:44:20,811 INFO     paramiko.transport.sftp [-]  [chan 23] Opened sftp connection (server version 3)
2015-11-25 06:44:20,940 INFO     paramiko.transport      [-]  Secsh channel 24 opened.
2015-11-25 06:44:53,033 INFO     paramiko.transport      [-]  Secsh channel 25 opened.
2015-11-25 06:44:53,039 INFO     paramiko.transport      [-]  Secsh channel 26 opened.
2015-11-25 06:44:53,055 INFO     paramiko.transport      [-]  Secsh channel 27 opened.
2015-11-25 06:44:53,106 INFO     paramiko.transport      [-]  Secsh channel 28 opened.
2015-11-25 06:44:53,145 INFO     paramiko.transport      [-]  Secsh channel 29 opened.
2015-11-25 06:44:53,152 INFO     paramiko.transport      [-]  Secsh channel 30 opened.
2015-11-25 06:44:53,192 INFO     paramiko.transport      [-]  Secsh channel 31 opened.
2015-11-25 06:44:53,734 INFO     paramiko.transport      [-]  Secsh channel 32 opened.
2015-11-25 06:44:53,773 INFO     paramiko.transport      [-]  Secsh channel 33 opened.
2015-11-25 06:44:58,781 INFO     paramiko.transport      [-]  Secsh channel 34 opened.
2015-11-25 06:44:58,783 INFO     paramiko.transport      [-]  Secsh channel 35 opened.
2015-11-25 06:44:58,789 INFO     paramiko.transport      [-]  Secsh channel 36 opened.
2015-11-25 06:45:00,950 INFO     paramiko.transport      [-]  Secsh channel 37 opened.
2015-11-25 06:45:00,994 INFO     paramiko.transport      [-]  Secsh channel 38 opened.
2015-11-25 06:45:01,045 INFO     urllib3.connectionpool  [-]  Starting new HTTP connection (1): 10.204.110.40
