2015-12-01 06:48:58,513 INFO     Scale_down              [-]  Getting initial user confiurations.
2015-12-01 06:48:58,514 INFO     Scale_down              [-]  Getting initial user confiurations Successfull.
2015-12-01 06:48:58,514 INFO     Scale_down              [-]  Getting client credentials
2015-12-01 06:48:58,514 INFO     Scale_down              [-]  opening file to detect the environment
2015-12-01 06:48:58,516 INFO     Scale_down              [-]  Environment returned CentOS
2015-12-01 06:48:58,516 INFO     Scale_down              [-]  Creating authorized instance of keystone client
2015-12-01 06:48:58,522 INFO     urllib3.connectionpool  [-]  Starting new HTTP connection (1): 10.204.111.43
2015-12-01 06:48:58,676 INFO     Scale_down              [-]  Authorized keystone instance ....
2015-12-01 06:48:58,676 INFO     Scale_down              [-]  Environment is CentOS ...
2015-12-01 06:48:58,676 INFO     nova                    [-]  Creating authorized instance of nova client instance ...
2015-12-01 06:48:58,676 INFO     nova                    [-]  Authorized nova instance ....
2015-12-01 06:48:58,676 INFO     nova                    [-]  Environment is CentOS ...
2015-12-01 06:48:58,677 INFO     neutron                 [-]  Creating authorized instance of neutron client instance ...
2015-12-01 06:48:58,677 INFO     neutron                 [-]  Authorized neutron instance ....
2015-12-01 06:48:58,677 INFO     neutron                 [-]  Environment is CentOS ...
2015-12-01 06:48:58,677 INFO     glance                  [-]  Creating authorized instance of glance client instance ...
2015-12-01 06:48:58,701 INFO     glance                  [-]  Authorized glance instance ....
2015-12-01 06:48:58,701 INFO     glance                  [-]  Environment is CentOS ...
2015-12-01 06:48:58,706 INFO     Scale                   [-]  Getting initial user confiurations.
2015-12-01 06:48:58,706 INFO     Scale                   [-]  Getting initial user confiurations Successfull.
2015-12-01 06:48:58,706 INFO     Scale                   [-]  Getting client credentials
2015-12-01 06:48:58,706 INFO     Scale                   [-]  opening file to detect the environment
2015-12-01 06:48:58,709 INFO     Scale                   [-]  Environment returned CentOS
2015-12-01 06:48:58,710 INFO     Scale                   [-]  Creating authorized instance of keystone client
2015-12-01 06:48:58,711 INFO     urllib3.connectionpool  [-]  Starting new HTTP connection (1): 10.204.111.43
2015-12-01 06:48:59,140 INFO     Scale                   [-]  Authorized keystone instance ....
2015-12-01 06:48:59,140 INFO     Scale                   [-]  Environment is CentOS ...
2015-12-01 06:48:59,140 INFO     nova                    [-]  Creating authorized instance of nova client instance ...
2015-12-01 06:48:59,141 INFO     nova                    [-]  Authorized nova instance ....
2015-12-01 06:48:59,141 INFO     nova                    [-]  Environment is CentOS ...
2015-12-01 06:48:59,141 INFO     neutron                 [-]  Creating authorized instance of neutron client instance ...
2015-12-01 06:48:59,141 INFO     neutron                 [-]  Authorized neutron instance ....
2015-12-01 06:48:59,141 INFO     neutron                 [-]  Environment is CentOS ...
2015-12-01 06:48:59,141 INFO     glance                  [-]  Creating authorized instance of glance client instance ...
2015-12-01 06:48:59,142 INFO     glance                  [-]  Authorized glance instance ....
2015-12-01 06:48:59,142 INFO     glance                  [-]  Environment is CentOS ...
2015-12-01 06:48:59,146 INFO     __main__                [-]  Getting initial user confiurations.
2015-12-01 06:48:59,147 INFO     __main__                [-]  Getting initial user confiurations Successfull.
2015-12-01 06:48:59,147 INFO     __main__                [-]  Getting client credentials
2015-12-01 06:48:59,147 INFO     __main__                [-]  opening file to detect the environment
2015-12-01 06:48:59,150 INFO     __main__                [-]  Environment returned CentOS
2015-12-01 06:48:59,150 INFO     __main__                [-]  Creating authorized instance of keystone client
2015-12-01 06:48:59,152 INFO     urllib3.connectionpool  [-]  Starting new HTTP connection (1): 10.204.111.43
2015-12-01 06:48:59,314 INFO     __main__                [-]  Authorized keystone instance ....
2015-12-01 06:48:59,315 INFO     __main__                [-]  Environment is CentOS ...
2015-12-01 06:48:59,315 INFO     nova                    [-]  Creating authorized instance of nova client instance ...
2015-12-01 06:48:59,315 INFO     nova                    [-]  Authorized nova instance ....
2015-12-01 06:48:59,315 INFO     nova                    [-]  Environment is CentOS ...
2015-12-01 06:48:59,315 INFO     neutron                 [-]  Creating authorized instance of neutron client instance ...
2015-12-01 06:48:59,315 INFO     neutron                 [-]  Authorized neutron instance ....
2015-12-01 06:48:59,315 INFO     neutron                 [-]  Environment is CentOS ...
2015-12-01 06:48:59,315 INFO     glance                  [-]  Creating authorized instance of glance client instance ...
2015-12-01 06:48:59,316 INFO     glance                  [-]  Authorized glance instance ....
2015-12-01 06:48:59,316 INFO     glance                  [-]  Environment is CentOS ...
2015-12-01 06:49:01,490 INFO     urllib3.connectionpool  [-]  Starting new HTTP connection (1): 10.204.110.40
2015-12-01 06:49:01,583 INFO     urllib3.connectionpool  [-]  Starting new HTTP connection (1): 10.204.111.43
2015-12-01 06:49:02,012 INFO     urllib3.connectionpool  [-]  Starting new HTTP connection (1): 10.204.110.40
