2015-11-23 08:12:58,510 INFO     Scale_down              [-]  Getting initial user confiurations.
2015-11-23 08:12:58,510 INFO     Scale_down              [-]  Getting initial user confiurations Successfull.
2015-11-23 08:12:58,510 INFO     Scale_down              [-]  Getting client credentials
2015-11-23 08:12:58,510 INFO     Scale_down              [-]  opening file to detect the environment
2015-11-23 08:12:58,513 INFO     Scale_down              [-]  Environment returned CentOS
2015-11-23 08:12:58,513 INFO     Scale_down              [-]  Creating authorized instance of keystone client
2015-11-23 08:12:58,519 INFO     urllib3.connectionpool  [-]  Starting new HTTP connection (1): 10.204.111.43
2015-11-23 08:12:58,669 INFO     Scale_down              [-]  Authorized keystone instance ....
2015-11-23 08:12:58,670 INFO     Scale_down              [-]  Environment is CentOS ...
2015-11-23 08:12:58,670 INFO     nova                    [-]  Creating authorized instance of nova client instance ...
2015-11-23 08:12:58,670 INFO     nova                    [-]  Authorized nova instance ....
2015-11-23 08:12:58,670 INFO     nova                    [-]  Environment is CentOS ...
2015-11-23 08:12:58,670 INFO     neutron                 [-]  Creating authorized instance of neutron client instance ...
2015-11-23 08:12:58,670 INFO     neutron                 [-]  Authorized neutron instance ....
2015-11-23 08:12:58,670 INFO     neutron                 [-]  Environment is CentOS ...
2015-11-23 08:12:58,670 INFO     glance                  [-]  Creating authorized instance of glance client instance ...
2015-11-23 08:12:58,700 INFO     glance                  [-]  Authorized glance instance ....
2015-11-23 08:12:58,700 INFO     glance                  [-]  Environment is CentOS ...
2015-11-23 08:12:58,706 INFO     Scale                   [-]  Getting initial user confiurations.
2015-11-23 08:12:58,706 INFO     Scale                   [-]  Getting initial user confiurations Successfull.
2015-11-23 08:12:58,706 INFO     Scale                   [-]  Getting client credentials
2015-11-23 08:12:58,706 INFO     Scale                   [-]  opening file to detect the environment
2015-11-23 08:12:58,709 INFO     Scale                   [-]  Environment returned CentOS
2015-11-23 08:12:58,710 INFO     Scale                   [-]  Creating authorized instance of keystone client
2015-11-23 08:12:58,712 INFO     urllib3.connectionpool  [-]  Starting new HTTP connection (1): 10.204.111.43
2015-11-23 08:12:59,011 INFO     Scale                   [-]  Authorized keystone instance ....
2015-11-23 08:12:59,011 INFO     Scale                   [-]  Environment is CentOS ...
2015-11-23 08:12:59,011 INFO     nova                    [-]  Creating authorized instance of nova client instance ...
2015-11-23 08:12:59,011 INFO     nova                    [-]  Authorized nova instance ....
2015-11-23 08:12:59,012 INFO     nova                    [-]  Environment is CentOS ...
2015-11-23 08:12:59,012 INFO     neutron                 [-]  Creating authorized instance of neutron client instance ...
2015-11-23 08:12:59,012 INFO     neutron                 [-]  Authorized neutron instance ....
2015-11-23 08:12:59,012 INFO     neutron                 [-]  Environment is CentOS ...
2015-11-23 08:12:59,012 INFO     glance                  [-]  Creating authorized instance of glance client instance ...
2015-11-23 08:12:59,012 INFO     glance                  [-]  Authorized glance instance ....
2015-11-23 08:12:59,012 INFO     glance                  [-]  Environment is CentOS ...
2015-11-23 08:12:59,016 INFO     __main__                [-]  Getting initial user confiurations.
2015-11-23 08:12:59,017 INFO     __main__                [-]  Getting initial user confiurations Successfull.
2015-11-23 08:12:59,017 INFO     __main__                [-]  Getting client credentials
2015-11-23 08:12:59,017 INFO     __main__                [-]  opening file to detect the environment
2015-11-23 08:12:59,020 INFO     __main__                [-]  Environment returned CentOS
2015-11-23 08:12:59,021 INFO     __main__                [-]  Creating authorized instance of keystone client
2015-11-23 08:12:59,022 INFO     urllib3.connectionpool  [-]  Starting new HTTP connection (1): 10.204.111.43
2015-11-23 08:12:59,166 INFO     __main__                [-]  Authorized keystone instance ....
2015-11-23 08:12:59,166 INFO     __main__                [-]  Environment is CentOS ...
2015-11-23 08:12:59,166 INFO     nova                    [-]  Creating authorized instance of nova client instance ...
2015-11-23 08:12:59,166 INFO     nova                    [-]  Authorized nova instance ....
2015-11-23 08:12:59,166 INFO     nova                    [-]  Environment is CentOS ...
2015-11-23 08:12:59,166 INFO     neutron                 [-]  Creating authorized instance of neutron client instance ...
2015-11-23 08:12:59,166 INFO     neutron                 [-]  Authorized neutron instance ....
2015-11-23 08:12:59,167 INFO     neutron                 [-]  Environment is CentOS ...
2015-11-23 08:12:59,167 INFO     glance                  [-]  Creating authorized instance of glance client instance ...
2015-11-23 08:12:59,167 INFO     glance                  [-]  Authorized glance instance ....
2015-11-23 08:12:59,167 INFO     glance                  [-]  Environment is CentOS ...
2015-11-23 08:12:59,168 INFO     urllib3.connectionpool  [-]  Starting new HTTP connection (1): 10.204.110.40
2015-11-23 08:12:59,387 INFO     urllib3.connectionpool  [-]  Starting new HTTP connection (1): 10.204.110.40
2015-11-23 08:13:02,790 INFO     urllib3.connectionpool  [-]  Starting new HTTP connection (1): 10.204.110.40
2015-11-23 08:13:02,859 INFO     urllib3.connectionpool  [-]  Starting new HTTP connection (1): 10.204.110.40
2015-11-23 08:13:05,842 INFO     urllib3.connectionpool  [-]  Starting new HTTP connection (1): 10.204.110.40
2015-11-23 08:13:05,896 INFO     urllib3.connectionpool  [-]  Starting new HTTP connection (1): 10.204.110.40
2015-11-23 08:13:07,925 INFO     paramiko.transport      [-]  Connected (version 2.0, client OpenSSH_6.6.1p1)
2015-11-23 08:13:08,040 INFO     paramiko.transport      [-]  Authentication (password) successful!
2015-11-23 08:13:08,229 INFO     paramiko.transport      [-]  Secsh channel 1 opened.
2015-11-23 08:13:08,262 INFO     paramiko.transport      [-]  Secsh channel 2 opened.
2015-11-23 08:13:08,271 INFO     paramiko.transport      [-]  Secsh channel 3 opened.
2015-11-23 08:13:08,327 INFO     paramiko.transport      [-]  Connected (version 2.0, client OpenSSH_6.6.1p1)
2015-11-23 08:13:08,456 INFO     paramiko.transport      [-]  Authentication (password) successful!
2015-11-23 08:13:08,912 INFO     paramiko.transport      [-]  Secsh channel 1 opened.
2015-11-23 08:13:08,933 INFO     paramiko.transport      [-]  Secsh channel 2 opened.
2015-11-23 08:13:08,953 INFO     paramiko.transport      [-]  Secsh channel 3 opened.
2015-11-23 08:13:09,009 INFO     paramiko.transport      [-]  Connected (version 2.0, client OpenSSH_6.6.1p1)
2015-11-23 08:13:09,122 INFO     paramiko.transport      [-]  Authentication (password) successful!
2015-11-23 08:13:09,293 INFO     paramiko.transport      [-]  Secsh channel 1 opened.
2015-11-23 08:13:09,306 INFO     paramiko.transport      [-]  Secsh channel 2 opened.
