2015-11-04 22:33:34 INFO  Thread:eNBThread1 eNodeB:41 - eNodeB started
2015-11-04 22:33:34 ERROR Thread:eNBThread1 SctpClient:67 - SCTP connection to server was refused!
2015-11-04 22:33:34 ERROR Thread:eNBThread1 SctpClient:122 - SCTP connection not active!
2015-11-04 22:33:34 ERROR Thread:eNBThread1 SctpClient:220 - SCTP Message read error!
2015-11-04 22:36:48 INFO  Thread:eNBThread1 eNodeB:41 - eNodeB started
2015-11-04 22:36:48 ERROR Thread:eNBThread1 SctpClient:67 - SCTP connection to server was refused!
2015-11-04 22:36:48 ERROR Thread:eNBThread1 SctpClient:122 - SCTP connection not active!
2015-11-04 22:36:48 ERROR Thread:eNBThread1 SctpClient:220 - SCTP Message read error!
2015-11-04 22:37:18 INFO  Thread:eNBThread1 eNodeB:41 - eNodeB started
2015-11-04 22:37:18 ERROR Thread:eNBThread1 SctpClient:67 - SCTP connection to server was refused!
2015-11-04 22:37:18 ERROR Thread:eNBThread1 SctpClient:122 - SCTP connection not active!
2015-11-04 22:37:18 ERROR Thread:eNBThread1 SctpClient:220 - SCTP Message read error!
2015-11-04 22:57:55 INFO  Thread:eNBThread1 eNodeB:41 - eNodeB started
2015-11-04 22:57:55 INFO  Thread:eNBThread1 SctpClient:70 - SCTP Connection Established ip:127.0.0.1 port:36412
2015-11-04 22:57:55 INFO  Thread:eNBThread1 eNodeB:51 - S1Signalling established with MME
2015-11-04 22:59:22 INFO  Thread:eNBThread1 eNodeB:41 - eNodeB started
2015-11-04 22:59:22 ERROR Thread:eNBThread1 SctpClient:67 - SCTP connection to server was refused!
2015-11-04 22:59:22 ERROR Thread:eNBThread1 SctpClient:122 - SCTP connection not active!
2015-11-04 22:59:22 ERROR Thread:eNBThread1 SctpClient:220 - SCTP Message read error!
2015-11-04 23:00:04 INFO  Thread:eNBThread1 eNodeB:41 - eNodeB started
2015-11-04 23:00:04 ERROR Thread:eNBThread1 SctpClient:67 - SCTP connection to server was refused!
2015-11-04 23:00:04 ERROR Thread:eNBThread1 SctpClient:122 - SCTP connection not active!
2015-11-04 23:00:04 ERROR Thread:eNBThread1 SctpClient:220 - SCTP Message read error!
2015-11-04 23:07:07 INFO  Thread:eNBThread1 eNodeB:41 - eNodeB started
2015-11-04 23:07:07 INFO  Thread:eNBThread1 SctpClient:70 - SCTP Connection Established ip:127.0.0.1 port:36412
2015-11-04 23:07:07 INFO  Thread:eNBThread1 eNodeB:51 - S1Signalling established with MME
2015-11-04 23:08:02 INFO  Thread:eNBThread1 eNodeB:41 - eNodeB started
2015-11-04 23:08:02 INFO  Thread:eNBThread1 SctpClient:70 - SCTP Connection Established ip:127.0.0.1 port:36412
2015-11-04 23:08:02 INFO  Thread:eNBThread1 eNodeB:51 - S1Signalling established with MME
2015-11-04 23:11:27 INFO  Thread:eNBThread1 eNodeB:41 - eNodeB started
2015-11-04 23:11:27 ERROR Thread:eNBThread1 SctpClient:67 - SCTP connection to server was refused!
2015-11-04 23:11:27 ERROR Thread:eNBThread1 SctpClient:122 - SCTP connection not active!
2015-11-04 23:11:27 ERROR Thread:eNBThread1 SctpClient:220 - SCTP Message read error!
2015-11-04 23:11:48 INFO  Thread:eNBThread1 eNodeB:41 - eNodeB started
2015-11-04 23:11:48 ERROR Thread:eNBThread1 SctpClient:67 - SCTP connection to server was refused!
2015-11-04 23:11:48 ERROR Thread:eNBThread1 SctpClient:122 - SCTP connection not active!
2015-11-04 23:11:48 ERROR Thread:eNBThread1 SctpClient:220 - SCTP Message read error!
2015-11-04 23:12:09 INFO  Thread:eNBThread1 eNodeB:41 - eNodeB started
2015-11-04 23:12:09 INFO  Thread:eNBThread1 SctpClient:70 - SCTP Connection Established ip:127.0.0.1 port:36412
2015-11-04 23:12:09 INFO  Thread:eNBThread1 eNodeB:51 - S1Signalling established with MME
2015-11-04 23:13:55 INFO  Thread:eNBThread1 eNodeB:41 - eNodeB started
2015-11-04 23:13:55 ERROR Thread:eNBThread1 SctpClient:67 - SCTP connection to server was refused!
2015-11-04 23:13:55 ERROR Thread:eNBThread1 SctpClient:122 - SCTP connection not active!
2015-11-04 23:13:55 ERROR Thread:eNBThread1 SctpClient:220 - SCTP Message read error!
2015-11-04 23:19:59 INFO  Thread:eNBThread1 eNodeB:41 - eNodeB started
2015-11-04 23:19:59 ERROR Thread:eNBThread1 SctpClient:67 - SCTP connection to server was refused!
2015-11-04 23:19:59 ERROR Thread:eNBThread1 SctpClient:122 - SCTP connection not active!
2015-11-04 23:19:59 ERROR Thread:eNBThread1 SctpClient:220 - SCTP Message read error!
2015-11-04 23:27:27 INFO  Thread:eNBThread1 eNodeB:41 - eNodeB started
2015-11-04 23:27:27 INFO  Thread:eNBThread1 SctpClient:70 - SCTP Connection Established ip:127.0.0.1 port:36412
2015-11-04 23:27:27 INFO  Thread:eNBThread1 eNodeB:51 - S1Signalling established with MME
2015-11-04 23:30:53 INFO  Thread:eNBThread1 eNodeB:41 - eNodeB started
2015-11-04 23:30:53 ERROR Thread:eNBThread1 SctpClient:67 - SCTP connection to server was refused!
2015-11-04 23:30:53 ERROR Thread:eNBThread1 SctpClient:122 - SCTP connection not active!
2015-11-04 23:30:53 ERROR Thread:eNBThread1 SctpClient:220 - SCTP Message read error!
2015-11-04 23:31:03 INFO  Thread:eNBThread1 eNodeB:41 - eNodeB started
2015-11-04 23:31:03 INFO  Thread:eNBThread1 SctpClient:70 - SCTP Connection Established ip:127.0.0.1 port:36412
2015-11-04 23:31:03 INFO  Thread:eNBThread1 eNodeB:51 - S1Signalling established with MME
2015-11-04 23:32:13 INFO  Thread:eNBThread1 eNodeB:41 - eNodeB started
2015-11-04 23:32:13 ERROR Thread:eNBThread1 SctpClient:67 - SCTP connection to server was refused!
2015-11-04 23:32:13 ERROR Thread:eNBThread1 SctpClient:122 - SCTP connection not active!
2015-11-04 23:32:13 ERROR Thread:eNBThread1 SctpClient:220 - SCTP Message read error!
2015-11-04 23:32:21 INFO  Thread:eNBThread1 eNodeB:41 - eNodeB started
2015-11-04 23:32:21 INFO  Thread:eNBThread1 SctpClient:70 - SCTP Connection Established ip:127.0.0.1 port:36412
2015-11-04 23:32:21 INFO  Thread:eNBThread1 eNodeB:51 - S1Signalling established with MME
2015-11-04 23:35:38 INFO  Thread:eNBThread1 eNodeB:41 - eNodeB started
2015-11-04 23:35:38 ERROR Thread:eNBThread1 SctpClient:67 - SCTP connection to server was refused!
2015-11-04 23:35:38 ERROR Thread:eNBThread1 SctpClient:122 - SCTP connection not active!
2015-11-04 23:35:38 ERROR Thread:eNBThread1 SctpClient:220 - SCTP Message read error!
2015-11-04 23:35:47 INFO  Thread:eNBThread1 eNodeB:41 - eNodeB started
2015-11-04 23:35:47 INFO  Thread:eNBThread1 SctpClient:70 - SCTP Connection Established ip:127.0.0.1 port:36412
2015-11-04 23:35:47 INFO  Thread:eNBThread1 eNodeB:51 - S1Signalling established with MME
2015-11-04 23:36:35 INFO  Thread:eNBThread1 eNodeB:41 - eNodeB started
2015-11-04 23:36:36 ERROR Thread:eNBThread1 SctpClient:67 - SCTP connection to server was refused!
2015-11-04 23:36:36 ERROR Thread:eNBThread1 SctpClient:122 - SCTP connection not active!
2015-11-04 23:36:36 ERROR Thread:eNBThread1 SctpClient:220 - SCTP Message read error!
2015-11-04 23:36:47 INFO  Thread:eNBThread1 eNodeB:41 - eNodeB started
2015-11-04 23:36:47 INFO  Thread:eNBThread1 SctpClient:70 - SCTP Connection Established ip:127.0.0.1 port:36412
2015-11-04 23:36:47 INFO  Thread:eNBThread1 eNodeB:51 - S1Signalling established with MME
2015-11-04 23:40:21 INFO  Thread:eNBThread1 eNodeB:41 - eNodeB started
2015-11-04 23:40:21 ERROR Thread:eNBThread1 SctpClient:67 - SCTP connection to server was refused!
2015-11-04 23:40:21 ERROR Thread:eNBThread1 SctpClient:122 - SCTP connection not active!
2015-11-04 23:40:21 ERROR Thread:eNBThread1 SctpClient:220 - SCTP Message read error!
2015-11-04 23:40:26 INFO  Thread:eNBThread1 eNodeB:41 - eNodeB started
2015-11-04 23:40:26 INFO  Thread:eNBThread1 SctpClient:70 - SCTP Connection Established ip:127.0.0.1 port:36412
2015-11-04 23:40:26 INFO  Thread:eNBThread1 eNodeB:51 - S1Signalling established with MME
2015-11-04 23:44:32 INFO  Thread:eNBThread1 eNodeB:41 - eNodeB started
2015-11-04 23:44:32 INFO  Thread:eNBThread1 SctpClient:70 - SCTP Connection Established ip:127.0.0.1 port:36412
2015-11-04 23:44:32 INFO  Thread:eNBThread1 eNodeB:51 - S1Signalling established with MME
2015-11-04 23:45:04 INFO  Thread:eNBThread1 eNodeB:41 - eNodeB started
2015-11-04 23:45:04 INFO  Thread:eNBThread1 SctpClient:70 - SCTP Connection Established ip:127.0.0.1 port:36412
2015-11-04 23:45:04 INFO  Thread:eNBThread1 eNodeB:51 - S1Signalling established with MME
2015-11-04 23:46:31 INFO  Thread:eNBThread1 eNodeB:41 - eNodeB started
2015-11-04 23:46:31 ERROR Thread:eNBThread1 SctpClient:67 - SCTP connection to server was refused!
2015-11-04 23:46:31 ERROR Thread:eNBThread1 SctpClient:122 - SCTP connection not active!
2015-11-04 23:46:31 ERROR Thread:eNBThread1 SctpClient:220 - SCTP Message read error!
2015-11-04 23:46:40 INFO  Thread:eNBThread1 eNodeB:41 - eNodeB started
2015-11-04 23:46:40 INFO  Thread:eNBThread1 SctpClient:70 - SCTP Connection Established ip:127.0.0.1 port:36412
2015-11-04 23:46:40 INFO  Thread:eNBThread1 eNodeB:51 - S1Signalling established with MME
2015-11-04 23:48:32 INFO  Thread:eNBThread1 eNodeB:41 - eNodeB started
2015-11-04 23:48:32 ERROR Thread:eNBThread1 SctpClient:67 - SCTP connection to server was refused!
2015-11-04 23:48:32 ERROR Thread:eNBThread1 SctpClient:122 - SCTP connection not active!
2015-11-04 23:48:32 ERROR Thread:eNBThread1 SctpClient:220 - SCTP Message read error!
2015-11-04 23:48:43 INFO  Thread:eNBThread1 eNodeB:41 - eNodeB started
2015-11-04 23:48:43 INFO  Thread:eNBThread1 SctpClient:70 - SCTP Connection Established ip:127.0.0.1 port:36412
2015-11-04 23:48:43 INFO  Thread:eNBThread1 eNodeB:51 - S1Signalling established with MME
2015-11-04 23:49:21 INFO  Thread:eNBThread1 eNodeB:41 - eNodeB started
2015-11-04 23:49:21 INFO  Thread:eNBThread1 SctpClient:70 - SCTP Connection Established ip:127.0.0.1 port:36412
2015-11-04 23:49:21 INFO  Thread:eNBThread1 eNodeB:51 - S1Signalling established with MME
2015-11-04 23:51:47 INFO  Thread:eNBThread1 eNodeB:41 - eNodeB started
2015-11-04 23:51:47 INFO  Thread:eNBThread1 SctpClient:70 - SCTP Connection Established ip:127.0.0.1 port:36412
2015-11-04 23:51:47 INFO  Thread:eNBThread1 eNodeB:51 - S1Signalling established with MME
2015-11-04 23:53:53 INFO  Thread:eNBThread1 eNodeB:41 - eNodeB started
2015-11-04 23:53:53 INFO  Thread:eNBThread1 SctpClient:70 - SCTP Connection Established ip:127.0.0.1 port:36412
2015-11-04 23:53:53 INFO  Thread:eNBThread1 eNodeB:51 - S1Signalling established with MME
2015-11-04 23:54:14 INFO  Thread:eNBThread1 eNodeB:41 - eNodeB started
2015-11-04 23:54:14 INFO  Thread:eNBThread1 SctpClient:70 - SCTP Connection Established ip:127.0.0.1 port:36412
2015-11-04 23:54:14 INFO  Thread:eNBThread1 eNodeB:51 - S1Signalling established with MME
2015-11-04 23:55:09 INFO  Thread:eNBThread1 eNodeB:41 - eNodeB started
2015-11-04 23:55:09 INFO  Thread:eNBThread1 SctpClient:70 - SCTP Connection Established ip:127.0.0.1 port:36412
2015-11-04 23:55:09 INFO  Thread:eNBThread1 eNodeB:51 - S1Signalling established with MME
2015-11-04 23:55:15 INFO  Thread:eNBThread1 eNodeB:41 - eNodeB started
2015-11-04 23:55:15 INFO  Thread:eNBThread1 SctpClient:70 - SCTP Connection Established ip:127.0.0.1 port:36412
2015-11-04 23:55:15 INFO  Thread:eNBThread1 eNodeB:51 - S1Signalling established with MME
2015-11-04 23:55:54 INFO  Thread:eNBThread1 eNodeB:41 - eNodeB started
2015-11-04 23:55:54 INFO  Thread:eNBThread1 SctpClient:70 - SCTP Connection Established ip:127.0.0.1 port:36412
2015-11-04 23:55:54 INFO  Thread:eNBThread1 eNodeB:51 - S1Signalling established with MME
2015-11-04 23:56:38 INFO  Thread:eNBThread1 eNodeB:41 - eNodeB started
2015-11-04 23:56:38 INFO  Thread:eNBThread1 SctpClient:70 - SCTP Connection Established ip:127.0.0.1 port:36412
2015-11-04 23:56:38 INFO  Thread:eNBThread1 eNodeB:51 - S1Signalling established with MME
